2016-12-04 11:18:51 [Thread-4] DEBUG connectK.ConnectK - Player 1 [LazyAI]  says:
2016-12-04 11:18:55 [Thread-4] DEBUG connectK.ConnectK - Player 1 [LazyAI]  returns move 2, 3.
2016-12-04 11:18:55 [Thread-4] DEBUG connectK.ConnectK - Player 2 [AverageAI]  says:
2016-12-04 11:19:00 [Thread-4] DEBUG connectK.ConnectK - Player 2 [AverageAI]  returns move 4, 6.
2016-12-04 11:19:00 [Thread-4] DEBUG connectK.ConnectK - Player 1 [LazyAI]  says:
2016-12-04 11:19:04 [Thread-4] DEBUG connectK.ConnectK - Player 1 [LazyAI]  returns move 2, 3.
2016-12-04 11:19:04 [Thread-4] DEBUG connectK.ConnectK - Player 2 [AverageAI]  says:
2016-12-04 11:19:09 [Thread-4] DEBUG connectK.ConnectK - Player 2 [AverageAI]  returns move 7, 6.
2016-12-04 11:19:09 [Thread-4] DEBUG connectK.ConnectK - Player 1 [LazyAI]  says:
2016-12-04 11:19:14 [Thread-4] DEBUG connectK.ConnectK - Player 1 [LazyAI]  returns move 4, 3.
2016-12-04 11:19:14 [Thread-4] DEBUG connectK.ConnectK - Player 2 [AverageAI]  says:
2016-12-04 11:19:18 [Thread-4] DEBUG connectK.ConnectK - Player 2 [AverageAI]  returns move 6, 6.
2016-12-04 11:19:18 [Thread-4] DEBUG connectK.ConnectK - Player 1 [LazyAI]  says:
2016-12-04 11:19:23 [Thread-4] DEBUG connectK.ConnectK - Player 1 [LazyAI]  returns move 3, 3.
2016-12-04 11:19:23 [Thread-4] DEBUG connectK.ConnectK - Player 2 [AverageAI]  says:
2016-12-04 11:19:28 [Thread-4] DEBUG connectK.ConnectK - Player 2 [AverageAI]  returns move 8, 6.
2016-12-04 11:19:28 [Thread-4] DEBUG connectK.ConnectK - Player 1 [LazyAI]  says:
2016-12-04 11:19:32 [Thread-4] DEBUG connectK.ConnectK - Player 1 [LazyAI]  returns move 5, 3.
2016-12-04 11:19:32 [Thread-4] DEBUG connectK.ConnectK - Player 2 [AverageAI]  says:
2016-12-04 11:19:37 [Thread-4] DEBUG connectK.ConnectK - Player 2 [AverageAI]  returns move 4, 6.
2016-12-04 11:19:37 [Thread-4] DEBUG connectK.ConnectK - Player 1 [LazyAI]  says:
2016-12-04 11:19:41 [Thread-4] DEBUG connectK.ConnectK - Player 1 [LazyAI]  returns move 4, 3.
2016-12-04 11:19:41 [Thread-4] DEBUG connectK.ConnectK - Player 2 [AverageAI]  says:
2016-12-04 11:19:46 [Thread-4] DEBUG connectK.ConnectK - Player 2 [AverageAI]  returns move 5, 6.
2016-12-04 11:19:46 [Thread-4] DEBUG connectK.ConnectK - Player 1 [LazyAI]  says:
2016-12-04 11:19:50 [Thread-4] DEBUG connectK.ConnectK - Player 1 [LazyAI]  returns move 3, 3.
2016-12-04 11:19:50 [Thread-4] DEBUG connectK.ConnectK - Player 2 [AverageAI]  says:
2016-12-04 11:19:55 [Thread-4] DEBUG connectK.ConnectK - Player 2 [AverageAI]  returns move 3, 6.
2016-12-04 11:19:55 [Thread-4] DEBUG connectK.ConnectK - Player 1 [LazyAI]  says:
2016-12-04 11:19:59 [Thread-4] DEBUG connectK.ConnectK - Player 1 [LazyAI]  returns move 5, 3.
2016-12-04 11:19:59 [Thread-4] DEBUG connectK.ConnectK - Player 2 [AverageAI]  says:
2016-12-04 11:20:04 [Thread-4] DEBUG connectK.ConnectK - Player 2 [AverageAI]  returns move 3, 6.
2016-12-04 11:20:04 [Thread-4] DEBUG connectK.ConnectK - Player 1 [LazyAI]  says:
2016-12-04 11:20:08 [Thread-4] DEBUG connectK.ConnectK - Player 1 [LazyAI]  returns move 5, 3.
2016-12-04 11:20:08 [Thread-4] DEBUG connectK.ConnectK - Player 2 [AverageAI]  says:
2016-12-04 11:20:13 [Thread-4] DEBUG connectK.ConnectK - Player 2 [AverageAI]  returns move 3, 6.
2016-12-04 11:20:13 [Thread-4] DEBUG connectK.ConnectK - Player 1 [LazyAI]  says:
2016-12-04 11:20:17 [Thread-4] DEBUG connectK.ConnectK - Player 1 [LazyAI]  returns move 1, 3.
2016-12-04 11:20:17 [Thread-4] DEBUG connectK.ConnectK - Player 2 [AverageAI]  says:
2016-12-04 11:20:22 [Thread-4] DEBUG connectK.ConnectK - Player 2 [AverageAI]  returns move 3, 6.
2016-12-04 11:20:22 [Thread-4] DEBUG connectK.ConnectK - Player 1 [LazyAI]  says:
2016-12-04 11:20:26 [Thread-4] DEBUG connectK.ConnectK - Player 1 [LazyAI]  returns move 3, 6.
2016-12-04 11:20:26 [Thread-4] DEBUG connectK.ConnectK - Player 2 [AverageAI]  says:
2016-12-04 11:20:31 [Thread-4] DEBUG connectK.ConnectK - Player 2 [AverageAI]  returns move 4, 6.
2016-12-04 11:20:31 [Thread-4] DEBUG connectK.ConnectK - Player 1 [LazyAI]  says:
2016-12-04 11:20:35 [Thread-4] DEBUG connectK.ConnectK - Player 1 [LazyAI]  returns move 5, 4.
2016-12-04 11:20:35 [Thread-4] DEBUG connectK.ConnectK - Player 2 [AverageAI]  says:
2016-12-04 11:20:40 [Thread-4] DEBUG connectK.ConnectK - Player 2 [AverageAI]  returns move 2, 6.
2016-12-04 11:20:40 [Thread-4] DEBUG connectK.ConnectK - Player 1 [LazyAI]  says:
2016-12-04 11:20:45 [Thread-4] DEBUG connectK.ConnectK - Player 1 [LazyAI]  returns move 5, 5.
2016-12-04 11:20:45 [Thread-4] DEBUG connectK.ConnectK - Player 2 [AverageAI]  says:
2016-12-04 11:20:49 [Thread-4] DEBUG connectK.ConnectK - Player 2 [AverageAI]  returns move 5, 6.
2016-12-04 11:20:49 [Thread-4] DEBUG connectK.ConnectK - Player 1 [LazyAI]  says:
2016-12-04 11:20:54 [Thread-4] DEBUG connectK.ConnectK - Player 1 [LazyAI]  returns move 1, 3.
2016-12-04 11:20:54 [Thread-4] DEBUG connectK.ConnectK - Player 2 [AverageAI]  says:
2016-12-04 11:20:59 [Thread-4] DEBUG connectK.ConnectK - Player 2 [AverageAI]  returns move 1, 6.
2016-12-04 11:20:59 [Thread-4] DEBUG connectK.ConnectK - Player 1 [LazyAI]  says:
2016-12-04 11:21:03 [Thread-4] DEBUG connectK.ConnectK - Player 1 [LazyAI]  returns move 4, 6.
2016-12-04 11:21:03 [Thread-4] DEBUG connectK.ConnectK - Player 2 [AverageAI]  says:
2016-12-04 11:21:08 [Thread-4] DEBUG connectK.ConnectK - Player 2 [AverageAI]  returns move 2, 6.
2016-12-04 11:21:08 [Thread-4] DEBUG connectK.ConnectK - Player 1 [LazyAI]  says:
2016-12-04 11:21:12 [Thread-4] DEBUG connectK.ConnectK - Player 1 [LazyAI]  returns move 2, 4.
2016-12-04 11:21:12 [Thread-4] DEBUG connectK.ConnectK - Player 2 [AverageAI]  says:
2016-12-04 11:21:17 [Thread-4] DEBUG connectK.ConnectK - Player 2 [AverageAI]  returns move 2, 6.
2016-12-04 11:21:17 [Thread-4] DEBUG connectK.ConnectK - Player 1 [LazyAI]  says:
2016-12-04 11:21:21 [Thread-4] DEBUG connectK.ConnectK - Player 1 [LazyAI]  returns move 4, 6.
2016-12-04 11:21:21 [Thread-4] DEBUG connectK.ConnectK - Player 2 [AverageAI]  says:
2016-12-04 11:21:26 [Thread-4] DEBUG connectK.ConnectK - Player 2 [AverageAI]  returns move 8, 6.
2016-12-04 11:21:26 [Thread-4] DEBUG connectK.ConnectK - Player 1 [LazyAI]  says:
2016-12-04 11:21:30 [Thread-4] DEBUG connectK.ConnectK - Player 1 [LazyAI]  returns move 0, 6.
2016-12-04 11:21:30 [Thread-4] DEBUG connectK.ConnectK - Player 2 [AverageAI]  says:
2016-12-04 11:21:35 [Thread-4] DEBUG connectK.ConnectK - Player 2 [AverageAI]  returns move 1, 6.
2016-12-04 11:21:35 [Thread-4] DEBUG connectK.ConnectK - Player 1 [LazyAI]  says:
2016-12-04 11:21:35 [Thread-4] DEBUG connectK.ConnectK - Player 1 [LazyAI]  returns move 0, 1.
2016-12-04 11:21:35 [Thread-4] DEBUG connectK.ConnectK - Player 1 [LazyAI]  (LazyAI) wins!
2016-12-04 11:23:23 [Thread-42] DEBUG connectK.ConnectK - Player 1 [AverageAI]  says:
2016-12-04 11:23:23 [Thread-42] DEBUG connectK.ConnectK - Player 1 [AverageAI]  returns move 4, 0.
2016-12-04 11:23:23 [Thread-42] DEBUG connectK.ConnectK - Player 2 [LazyAI]  says:
2016-12-04 11:23:27 [Thread-42] DEBUG connectK.ConnectK - Player 2 [LazyAI]  returns move 4, 3.
2016-12-04 11:23:28 [Thread-42] DEBUG connectK.ConnectK - Player 1 [AverageAI]  says:
2016-12-04 11:23:32 [Thread-42] DEBUG connectK.ConnectK - Player 1 [AverageAI]  returns move 5, 6.
2016-12-04 11:23:32 [Thread-42] DEBUG connectK.ConnectK - Player 2 [LazyAI]  says:
2016-12-04 11:23:37 [Thread-42] DEBUG connectK.ConnectK - Player 2 [LazyAI]  returns move 4, 3.
2016-12-04 11:23:37 [Thread-42] DEBUG connectK.ConnectK - Player 1 [AverageAI]  says:
2016-12-04 11:23:42 [Thread-42] DEBUG connectK.ConnectK - Player 1 [AverageAI]  returns move 3, 6.
2016-12-04 11:23:42 [Thread-42] DEBUG connectK.ConnectK - Player 2 [LazyAI]  says:
2016-12-04 11:23:46 [Thread-42] DEBUG connectK.ConnectK - Player 2 [LazyAI]  returns move 2, 3.
2016-12-04 11:23:46 [Thread-42] DEBUG connectK.ConnectK - Player 1 [AverageAI]  says:
2016-12-04 11:23:51 [Thread-42] DEBUG connectK.ConnectK - Player 1 [AverageAI]  returns move 7, 6.
2016-12-04 11:23:51 [Thread-42] DEBUG connectK.ConnectK - Player 2 [LazyAI]  says:
2016-12-04 11:23:55 [Thread-42] DEBUG connectK.ConnectK - Player 2 [LazyAI]  returns move 6, 3.
2016-12-04 11:23:55 [Thread-42] DEBUG connectK.ConnectK - Player 1 [AverageAI]  says:
2016-12-04 11:24:00 [Thread-42] DEBUG connectK.ConnectK - Player 1 [AverageAI]  returns move 4, 6.
2016-12-04 11:24:00 [Thread-42] DEBUG connectK.ConnectK - Player 2 [LazyAI]  says:
2016-12-04 11:24:04 [Thread-42] DEBUG connectK.ConnectK - Player 2 [LazyAI]  returns move 3, 3.
2016-12-04 11:24:04 [Thread-42] DEBUG connectK.ConnectK - Player 1 [AverageAI]  says:
2016-12-04 11:24:09 [Thread-42] DEBUG connectK.ConnectK - Player 1 [AverageAI]  returns move 6, 6.
2016-12-04 11:24:09 [Thread-42] DEBUG connectK.ConnectK - Player 2 [LazyAI]  says:
2016-12-04 11:24:13 [Thread-42] DEBUG connectK.ConnectK - Player 2 [LazyAI]  returns move 5, 3.
2016-12-04 11:24:13 [Thread-42] DEBUG connectK.ConnectK - Player 1 [AverageAI]  says:
2016-12-04 11:24:18 [Thread-42] DEBUG connectK.ConnectK - Player 1 [AverageAI]  returns move 5, 6.
2016-12-04 11:24:18 [Thread-42] DEBUG connectK.ConnectK - Player 2 [LazyAI]  says:
2016-12-04 11:24:22 [Thread-42] DEBUG connectK.ConnectK - Player 2 [LazyAI]  returns move 5, 3.
2016-12-04 11:24:22 [Thread-42] DEBUG connectK.ConnectK - Player 1 [AverageAI]  says:
2016-12-04 11:24:27 [Thread-42] DEBUG connectK.ConnectK - Player 1 [AverageAI]  returns move 5, 6.
2016-12-04 11:24:27 [Thread-42] DEBUG connectK.ConnectK - Player 2 [LazyAI]  says:
2016-12-04 11:24:31 [Thread-42] DEBUG connectK.ConnectK - Player 2 [LazyAI]  returns move 5, 5.
2016-12-04 11:24:31 [Thread-42] DEBUG connectK.ConnectK - Player 1 [AverageAI]  says:
2016-12-04 11:24:36 [Thread-42] DEBUG connectK.ConnectK - Player 1 [AverageAI]  returns move 3, 6.
2016-12-04 11:24:36 [Thread-42] DEBUG connectK.ConnectK - Player 2 [LazyAI]  says:
2016-12-04 11:24:40 [Thread-42] DEBUG connectK.ConnectK - Player 2 [LazyAI]  returns move 8, 3.
2016-12-04 11:24:40 [Thread-42] DEBUG connectK.ConnectK - Player 1 [AverageAI]  says:
2016-12-04 11:24:45 [Thread-42] DEBUG connectK.ConnectK - Player 1 [AverageAI]  returns move 3, 6.
2016-12-04 11:24:45 [Thread-42] DEBUG connectK.ConnectK - Player 2 [LazyAI]  says:
2016-12-04 11:24:49 [Thread-42] DEBUG connectK.ConnectK - Player 2 [LazyAI]  returns move 3, 4.
2016-12-04 11:24:49 [Thread-42] DEBUG connectK.ConnectK - Player 1 [AverageAI]  says:
2016-12-04 11:24:54 [Thread-42] DEBUG connectK.ConnectK - Player 1 [AverageAI]  returns move 2, 6.
2016-12-04 11:24:54 [Thread-42] DEBUG connectK.ConnectK - Player 2 [LazyAI]  says:
2016-12-04 11:24:59 [Thread-42] DEBUG connectK.ConnectK - Player 2 [LazyAI]  returns move 1, 3.
2016-12-04 11:24:59 [Thread-42] DEBUG connectK.ConnectK - Player 1 [AverageAI]  says:
2016-12-04 11:25:04 [Thread-42] DEBUG connectK.ConnectK - Player 1 [AverageAI]  returns move 7, 6.
2016-12-04 11:25:04 [Thread-42] DEBUG connectK.ConnectK - Player 2 [LazyAI]  says:
2016-12-04 11:25:08 [Thread-42] DEBUG connectK.ConnectK - Player 2 [LazyAI]  returns move 3, 5.
2016-12-04 11:25:08 [Thread-42] DEBUG connectK.ConnectK - Player 1 [AverageAI]  says:
2016-12-04 11:25:13 [Thread-42] DEBUG connectK.ConnectK - Player 1 [AverageAI]  returns move 4, 6.
2016-12-04 11:25:13 [Thread-42] DEBUG connectK.ConnectK - Player 2 [LazyAI]  says:
2016-12-04 11:25:17 [Thread-42] DEBUG connectK.ConnectK - Player 2 [LazyAI]  returns move 5, 6.
2016-12-04 11:25:17 [Thread-42] DEBUG connectK.ConnectK - Player 1 [AverageAI]  says:
2016-12-04 11:25:22 [Thread-42] DEBUG connectK.ConnectK - Player 1 [AverageAI]  returns move 4, 6.
2016-12-04 11:25:22 [Thread-42] DEBUG connectK.ConnectK - Player 2 [LazyAI]  says:
2016-12-04 11:25:26 [Thread-42] DEBUG connectK.ConnectK - Player 2 [LazyAI]  returns move 4, 6.
2016-12-04 11:25:26 [Thread-42] DEBUG connectK.ConnectK - Player 1 [AverageAI]  says:
2016-12-04 11:25:31 [Thread-42] DEBUG connectK.ConnectK - Player 1 [AverageAI]  returns move 7, 6.
2016-12-04 11:25:31 [Thread-42] DEBUG connectK.ConnectK - Player 2 [LazyAI]  says:
2016-12-04 11:25:35 [Thread-42] DEBUG connectK.ConnectK - Player 2 [LazyAI]  returns move 7, 3.
2016-12-04 11:25:35 [Thread-42] DEBUG connectK.ConnectK - Player 1 [AverageAI]  says:
2016-12-04 11:25:40 [Thread-42] DEBUG connectK.ConnectK - Player 1 [AverageAI]  returns move 3, 6.
2016-12-04 11:25:40 [Thread-42] DEBUG connectK.ConnectK - Player 2 [LazyAI]  says:
2016-12-04 11:25:44 [Thread-42] DEBUG connectK.ConnectK - Player 2 [LazyAI]  returns move 2, 3.
2016-12-04 11:25:44 [Thread-42] DEBUG connectK.ConnectK - Player 1 [AverageAI]  says:
2016-12-04 11:25:49 [Thread-42] DEBUG connectK.ConnectK - Player 1 [AverageAI]  returns move 2, 6.
2016-12-04 11:25:49 [Thread-42] DEBUG connectK.ConnectK - Player 2 [LazyAI]  says:
2016-12-04 11:25:53 [Thread-42] DEBUG connectK.ConnectK - Player 2 [LazyAI]  returns move 6, 3.
2016-12-04 11:25:53 [Thread-42] DEBUG connectK.ConnectK - Player 1 [AverageAI]  says:
2016-12-04 11:25:58 [Thread-42] DEBUG connectK.ConnectK - Player 1 [AverageAI]  returns move 6, 6.
2016-12-04 11:25:58 [Thread-42] DEBUG connectK.ConnectK - Player 1 [AverageAI]  (AverageAI) wins!
