2016-11-20 19:34:03 [main] DEBUG connectK.ConnectK - Player 1 [GUI]  says:
2016-11-20 19:34:03 [main] DEBUG connectK.ConnectK - Player 1 [GUI]  says:
2016-11-20 19:44:48 [main] DEBUG connectK.ConnectK - Player 1 [GUI]  says:
2016-11-20 19:44:48 [main] DEBUG connectK.ConnectK - Player 1 [GUI]  says:
2016-11-20 20:02:38 [main] DEBUG connectK.ConnectK - Player 1 [GUI]  says:
2016-11-20 20:02:38 [main] DEBUG connectK.ConnectK - Player 1 [GUI]  says:
2016-11-20 20:02:52 [Thread-4] DEBUG connectK.ConnectK - Player 1 [GUI]  says:
2016-11-20 20:02:53 [Thread-4] DEBUG connectK.ConnectK - Player 1 [GUI]  returns move 4, 3.
2016-11-20 20:02:53 [Thread-4] DEBUG connectK.ConnectK - Player 2 [LazyAI]  says:
2016-11-20 20:02:58 [Thread-4] DEBUG connectK.ConnectK - Player 2 [LazyAI]  returns move 4, 2.
2016-11-20 20:02:58 [Thread-4] DEBUG connectK.ConnectK - Player 1 [GUI]  says:
2016-11-20 20:03:00 [Thread-4] DEBUG connectK.ConnectK - Player 1 [GUI]  returns move 5, 3.
2016-11-20 20:03:00 [Thread-4] DEBUG connectK.ConnectK - Player 2 [LazyAI]  says:
2016-11-20 20:03:05 [Thread-4] DEBUG connectK.ConnectK - Player 2 [LazyAI]  returns move 3, 4.
2016-11-20 20:03:05 [Thread-4] DEBUG connectK.ConnectK - Player 1 [GUI]  says:
2016-11-20 20:03:07 [Thread-4] DEBUG connectK.ConnectK - Player 1 [GUI]  returns move 3, 3.
2016-11-20 20:03:07 [Thread-4] DEBUG connectK.ConnectK - Player 2 [LazyAI]  says:
2016-11-20 20:03:07 [Thread-4] DEBUG connectK.ConnectK - Player 2 [LazyAI]  returns move 6, 3.
2016-11-20 20:03:07 [Thread-4] DEBUG connectK.ConnectK - Player 1 [GUI]  says:
2016-11-20 20:03:09 [Thread-4] DEBUG connectK.ConnectK - Player 1 [GUI]  returns move 2, 3.
2016-11-20 20:03:09 [Thread-4] DEBUG connectK.ConnectK - Player 2 [LazyAI]  says:
2016-11-20 20:03:09 [Thread-4] DEBUG connectK.ConnectK - Player 2 [LazyAI]  returns move 5, 5.
2016-11-20 20:03:09 [Thread-4] DEBUG connectK.ConnectK - Player 1 [GUI]  says:
2016-11-20 20:03:18 [Thread-4] DEBUG connectK.ConnectK - Player 1 [GUI]  returns move 6, 2.
2016-11-20 20:03:18 [Thread-4] DEBUG connectK.ConnectK - Player 2 [LazyAI]  says:
2016-11-20 20:03:18 [Thread-4] DEBUG connectK.ConnectK - Player 2 [LazyAI]  returns move 1, 3.
2016-11-20 20:03:18 [Thread-4] DEBUG connectK.ConnectK - Player 1 [GUI]  says:
2016-11-20 20:03:21 [Thread-4] DEBUG connectK.ConnectK - Player 1 [GUI]  returns move 4, 4.
2016-11-20 20:03:21 [Thread-4] DEBUG connectK.ConnectK - Player 2 [LazyAI]  says:
2016-11-20 20:03:26 [Thread-4] DEBUG connectK.ConnectK - Player 2 [LazyAI]  returns move 2, 1.
2016-11-20 20:03:26 [Thread-4] DEBUG connectK.ConnectK - Player 1 [GUI]  says:
2016-11-20 20:03:28 [Thread-4] DEBUG connectK.ConnectK - Player 1 [GUI]  returns move 7, 1.
2016-11-20 20:03:28 [Thread-4] DEBUG connectK.ConnectK - Player 2 [LazyAI]  says:
2016-11-20 20:03:28 [Thread-4] DEBUG connectK.ConnectK - Player 2 [LazyAI]  returns move 4, 0.
2016-11-20 20:03:28 [Thread-4] DEBUG connectK.ConnectK - Player 1 [GUI]  says:
2016-11-20 20:03:30 [Thread-4] DEBUG connectK.ConnectK - Player 1 [GUI]  returns move 3, 5.
2016-11-20 20:03:30 [Thread-4] DEBUG connectK.ConnectK - Player 1 [GUI]  (GUI) wins!
2016-11-20 22:05:02 [main] DEBUG connectK.ConnectK - Player 1 [GUI]  says:
2016-11-20 22:05:02 [main] DEBUG connectK.ConnectK - Player 1 [GUI]  says:
2016-12-04 11:18:37 [main] DEBUG connectK.ConnectK - Player 1 [GUI]  says:
2016-12-04 11:18:37 [main] DEBUG connectK.ConnectK - Player 1 [GUI]  says:
