2016-11-20 20:02:52 [Thread-4] DEBUG connectK.ConnectK - Player 1 [GUI]  says:
2016-11-20 20:02:53 [Thread-4] DEBUG connectK.ConnectK - Player 1 [GUI]  returns move 4, 3.
2016-11-20 20:02:53 [Thread-4] DEBUG connectK.ConnectK - Player 2 [LazyAI]  says:
2016-11-20 20:02:58 [Thread-4] DEBUG connectK.ConnectK - Player 2 [LazyAI]  returns move 4, 2.
2016-11-20 20:02:58 [Thread-4] DEBUG connectK.ConnectK - Player 1 [GUI]  says:
2016-11-20 20:03:00 [Thread-4] DEBUG connectK.ConnectK - Player 1 [GUI]  returns move 5, 3.
2016-11-20 20:03:00 [Thread-4] DEBUG connectK.ConnectK - Player 2 [LazyAI]  says:
2016-11-20 20:03:05 [Thread-4] DEBUG connectK.ConnectK - Player 2 [LazyAI]  returns move 3, 4.
2016-11-20 20:03:05 [Thread-4] DEBUG connectK.ConnectK - Player 1 [GUI]  says:
2016-11-20 20:03:07 [Thread-4] DEBUG connectK.ConnectK - Player 1 [GUI]  returns move 3, 3.
2016-11-20 20:03:07 [Thread-4] DEBUG connectK.ConnectK - Player 2 [LazyAI]  says:
2016-11-20 20:03:07 [Thread-4] DEBUG connectK.ConnectK - Player 2 [LazyAI]  returns move 6, 3.
2016-11-20 20:03:07 [Thread-4] DEBUG connectK.ConnectK - Player 1 [GUI]  says:
2016-11-20 20:03:09 [Thread-4] DEBUG connectK.ConnectK - Player 1 [GUI]  returns move 2, 3.
2016-11-20 20:03:09 [Thread-4] DEBUG connectK.ConnectK - Player 2 [LazyAI]  says:
2016-11-20 20:03:09 [Thread-4] DEBUG connectK.ConnectK - Player 2 [LazyAI]  returns move 5, 5.
2016-11-20 20:03:09 [Thread-4] DEBUG connectK.ConnectK - Player 1 [GUI]  says:
2016-11-20 20:03:18 [Thread-4] DEBUG connectK.ConnectK - Player 1 [GUI]  returns move 6, 2.
2016-11-20 20:03:18 [Thread-4] DEBUG connectK.ConnectK - Player 2 [LazyAI]  says:
2016-11-20 20:03:18 [Thread-4] DEBUG connectK.ConnectK - Player 2 [LazyAI]  returns move 1, 3.
2016-11-20 20:03:18 [Thread-4] DEBUG connectK.ConnectK - Player 1 [GUI]  says:
2016-11-20 20:03:21 [Thread-4] DEBUG connectK.ConnectK - Player 1 [GUI]  returns move 4, 4.
2016-11-20 20:03:21 [Thread-4] DEBUG connectK.ConnectK - Player 2 [LazyAI]  says:
2016-11-20 20:03:26 [Thread-4] DEBUG connectK.ConnectK - Player 2 [LazyAI]  returns move 2, 1.
2016-11-20 20:03:26 [Thread-4] DEBUG connectK.ConnectK - Player 1 [GUI]  says:
2016-11-20 20:03:28 [Thread-4] DEBUG connectK.ConnectK - Player 1 [GUI]  returns move 7, 1.
2016-11-20 20:03:28 [Thread-4] DEBUG connectK.ConnectK - Player 2 [LazyAI]  says:
2016-11-20 20:03:28 [Thread-4] DEBUG connectK.ConnectK - Player 2 [LazyAI]  returns move 4, 0.
2016-11-20 20:03:28 [Thread-4] DEBUG connectK.ConnectK - Player 1 [GUI]  says:
2016-11-20 20:03:30 [Thread-4] DEBUG connectK.ConnectK - Player 1 [GUI]  returns move 3, 5.
2016-11-20 20:03:30 [Thread-4] DEBUG connectK.ConnectK - Player 1 [GUI]  (GUI) wins!
2016-11-20 22:05:17 [Thread-4] DEBUG connectK.ConnectK - Player 1 [LazyAI]  says:
2016-11-20 22:05:17 [Thread-4] DEBUG connectK.ConnectK - Player 1 [LazyAI]  says:
2016-11-20 22:05:22 [Thread-4] DEBUG connectK.ConnectK - Player 1 [LazyAI]  returns move 4, 2.
2016-11-20 22:05:22 [Thread-4] DEBUG connectK.ConnectK - Player 1 [LazyAI]  returns move 4, 2.
2016-11-20 22:05:22 [Thread-4] DEBUG connectK.ConnectK - Player 2 [LazyAI]  says:
2016-11-20 22:05:22 [Thread-4] DEBUG connectK.ConnectK - Player 2 [LazyAI]  says:
2016-11-20 22:05:27 [Thread-4] DEBUG connectK.ConnectK - Player 2 [LazyAI]  returns move 4, 3.
2016-11-20 22:05:27 [Thread-4] DEBUG connectK.ConnectK - Player 2 [LazyAI]  returns move 4, 3.
2016-11-20 22:05:27 [Thread-4] DEBUG connectK.ConnectK - Player 1 [LazyAI]  says:
2016-11-20 22:05:27 [Thread-4] DEBUG connectK.ConnectK - Player 1 [LazyAI]  says:
2016-11-20 22:05:31 [Thread-4] DEBUG connectK.ConnectK - Player 1 [LazyAI]  returns move 3, 4.
2016-11-20 22:05:31 [Thread-4] DEBUG connectK.ConnectK - Player 1 [LazyAI]  returns move 3, 4.
2016-11-20 22:05:31 [Thread-4] DEBUG connectK.ConnectK - Player 2 [LazyAI]  says:
2016-11-20 22:05:31 [Thread-4] DEBUG connectK.ConnectK - Player 2 [LazyAI]  says:
2016-11-20 22:05:36 [Thread-4] DEBUG connectK.ConnectK - Player 2 [LazyAI]  returns move 4, 4.
2016-11-20 22:05:36 [Thread-4] DEBUG connectK.ConnectK - Player 2 [LazyAI]  returns move 4, 4.
2016-11-20 22:05:36 [Thread-4] DEBUG connectK.ConnectK - Player 1 [LazyAI]  says:
2016-11-20 22:05:36 [Thread-4] DEBUG connectK.ConnectK - Player 1 [LazyAI]  says:
2016-11-20 22:05:41 [Thread-4] DEBUG connectK.ConnectK - Player 1 [LazyAI]  returns move 5, 3.
2016-11-20 22:05:41 [Thread-4] DEBUG connectK.ConnectK - Player 1 [LazyAI]  returns move 5, 3.
2016-11-20 22:05:41 [Thread-4] DEBUG connectK.ConnectK - Player 2 [LazyAI]  says:
2016-11-20 22:05:41 [Thread-4] DEBUG connectK.ConnectK - Player 2 [LazyAI]  says:
2016-11-20 22:05:46 [Thread-4] DEBUG connectK.ConnectK - Player 2 [LazyAI]  returns move 3, 1.
2016-11-20 22:05:46 [Thread-4] DEBUG connectK.ConnectK - Player 2 [LazyAI]  returns move 3, 1.
2016-11-20 22:05:46 [Thread-4] DEBUG connectK.ConnectK - Player 1 [LazyAI]  says:
2016-11-20 22:05:46 [Thread-4] DEBUG connectK.ConnectK - Player 1 [LazyAI]  says:
2016-11-20 22:05:51 [Thread-4] DEBUG connectK.ConnectK - Player 1 [LazyAI]  returns move 4, 1.
2016-11-20 22:05:51 [Thread-4] DEBUG connectK.ConnectK - Player 1 [LazyAI]  returns move 4, 1.
2016-11-20 22:05:51 [Thread-4] DEBUG connectK.ConnectK - Player 2 [LazyAI]  says:
2016-11-20 22:05:51 [Thread-4] DEBUG connectK.ConnectK - Player 2 [LazyAI]  says:
2016-11-20 22:05:56 [Thread-4] DEBUG connectK.ConnectK - Player 2 [LazyAI]  returns move 4, 5.
2016-11-20 22:05:56 [Thread-4] DEBUG connectK.ConnectK - Player 2 [LazyAI]  returns move 4, 5.
2016-11-20 22:05:56 [Thread-4] DEBUG connectK.ConnectK - Player 1 [LazyAI]  says:
2016-11-20 22:05:56 [Thread-4] DEBUG connectK.ConnectK - Player 1 [LazyAI]  says:
2016-11-20 22:06:01 [Thread-4] DEBUG connectK.ConnectK - Player 1 [LazyAI]  returns move 2, 2.
2016-11-20 22:06:01 [Thread-4] DEBUG connectK.ConnectK - Player 1 [LazyAI]  returns move 2, 2.
2016-11-20 22:06:01 [Thread-4] DEBUG connectK.ConnectK - Player 2 [LazyAI]  says:
2016-11-20 22:06:01 [Thread-4] DEBUG connectK.ConnectK - Player 2 [LazyAI]  says:
2016-11-20 22:06:06 [Thread-4] DEBUG connectK.ConnectK - Player 2 [LazyAI]  returns move 5, 2.
2016-11-20 22:06:06 [Thread-4] DEBUG connectK.ConnectK - Player 2 [LazyAI]  returns move 5, 2.
2016-11-20 22:06:06 [Thread-4] DEBUG connectK.ConnectK - Player 1 [LazyAI]  says:
2016-11-20 22:06:06 [Thread-4] DEBUG connectK.ConnectK - Player 1 [LazyAI]  says:
2016-11-20 22:06:11 [Thread-4] DEBUG connectK.ConnectK - Player 1 [LazyAI]  returns move 4, 6.
2016-11-20 22:06:11 [Thread-4] DEBUG connectK.ConnectK - Player 1 [LazyAI]  returns move 4, 6.
2016-11-20 22:06:11 [Thread-4] DEBUG connectK.ConnectK - Player 2 [LazyAI]  says:
2016-11-20 22:06:11 [Thread-4] DEBUG connectK.ConnectK - Player 2 [LazyAI]  says:
2016-11-20 22:06:15 [Thread-4] DEBUG connectK.ConnectK - Player 2 [LazyAI]  returns move 2, 4.
2016-11-20 22:06:15 [Thread-4] DEBUG connectK.ConnectK - Player 2 [LazyAI]  returns move 2, 4.
2016-11-20 22:06:15 [Thread-4] DEBUG connectK.ConnectK - Player 1 [LazyAI]  says:
2016-11-20 22:06:15 [Thread-4] DEBUG connectK.ConnectK - Player 1 [LazyAI]  says:
2016-11-20 22:06:20 [Thread-4] DEBUG connectK.ConnectK - Player 1 [LazyAI]  returns move 6, 5.
2016-11-20 22:06:20 [Thread-4] DEBUG connectK.ConnectK - Player 1 [LazyAI]  returns move 6, 5.
2016-11-20 22:06:20 [Thread-4] DEBUG connectK.ConnectK - Player 2 [LazyAI]  says:
2016-11-20 22:06:20 [Thread-4] DEBUG connectK.ConnectK - Player 2 [LazyAI]  says:
2016-11-20 22:06:25 [Thread-4] DEBUG connectK.ConnectK - Player 2 [LazyAI]  returns move 4, 0.
2016-11-20 22:06:25 [Thread-4] DEBUG connectK.ConnectK - Player 2 [LazyAI]  returns move 4, 0.
2016-11-20 22:06:25 [Thread-4] DEBUG connectK.ConnectK - Player 1 [LazyAI]  says:
2016-11-20 22:06:25 [Thread-4] DEBUG connectK.ConnectK - Player 1 [LazyAI]  says:
2016-11-20 22:06:30 [Thread-4] DEBUG connectK.ConnectK - Player 1 [LazyAI]  returns move 7, 2.
2016-11-20 22:06:30 [Thread-4] DEBUG connectK.ConnectK - Player 1 [LazyAI]  returns move 7, 2.
2016-11-20 22:06:30 [Thread-4] DEBUG connectK.ConnectK - Player 2 [LazyAI]  says:
2016-11-20 22:06:30 [Thread-4] DEBUG connectK.ConnectK - Player 2 [LazyAI]  says:
2016-11-20 22:06:35 [Thread-4] DEBUG connectK.ConnectK - Player 2 [LazyAI]  returns move 1, 4.
2016-11-20 22:06:35 [Thread-4] DEBUG connectK.ConnectK - Player 2 [LazyAI]  returns move 1, 4.
2016-11-20 22:06:35 [Thread-4] DEBUG connectK.ConnectK - Player 1 [LazyAI]  says:
2016-11-20 22:06:35 [Thread-4] DEBUG connectK.ConnectK - Player 1 [LazyAI]  says:
2016-11-20 22:06:40 [Thread-4] DEBUG connectK.ConnectK - Player 1 [LazyAI]  returns move 8, 4.
2016-11-20 22:06:40 [Thread-4] DEBUG connectK.ConnectK - Player 1 [LazyAI]  returns move 8, 4.
2016-11-20 22:06:40 [Thread-4] DEBUG connectK.ConnectK - Player 2 [LazyAI]  says:
2016-11-20 22:06:40 [Thread-4] DEBUG connectK.ConnectK - Player 2 [LazyAI]  says:
2016-11-20 22:06:45 [Thread-4] DEBUG connectK.ConnectK - Player 2 [LazyAI]  returns move 3, 6.
2016-11-20 22:06:45 [Thread-4] DEBUG connectK.ConnectK - Player 2 [LazyAI]  returns move 3, 6.
2016-11-20 22:06:45 [Thread-4] DEBUG connectK.ConnectK - Player 1 [LazyAI]  says:
2016-11-20 22:06:45 [Thread-4] DEBUG connectK.ConnectK - Player 1 [LazyAI]  says:
2016-11-20 22:06:50 [Thread-4] DEBUG connectK.ConnectK - Player 1 [LazyAI]  returns move 1, 3.
2016-11-20 22:06:50 [Thread-4] DEBUG connectK.ConnectK - Player 1 [LazyAI]  returns move 1, 3.
2016-11-20 22:06:50 [Thread-4] DEBUG connectK.ConnectK - Player 2 [LazyAI]  says:
2016-11-20 22:06:50 [Thread-4] DEBUG connectK.ConnectK - Player 2 [LazyAI]  says:
2016-11-20 22:06:55 [Thread-4] DEBUG connectK.ConnectK - Player 2 [LazyAI]  returns move 6, 4.
2016-11-20 22:06:55 [Thread-4] DEBUG connectK.ConnectK - Player 2 [LazyAI]  returns move 6, 4.
2016-11-20 22:06:55 [Thread-4] DEBUG connectK.ConnectK - Player 1 [LazyAI]  says:
2016-11-20 22:06:55 [Thread-4] DEBUG connectK.ConnectK - Player 1 [LazyAI]  says:
2016-11-20 22:06:55 [Thread-26] DEBUG connectK.ConnectK - Player 1 [LazyAI]  says:
2016-11-20 22:07:00 [Thread-4] DEBUG connectK.ConnectK - Player 1 [LazyAI]  returns move 3, 0.
2016-11-20 22:07:00 [Thread-4] DEBUG connectK.ConnectK - Player 1 [LazyAI]  returns move 3, 0.
2016-11-20 22:07:00 [Thread-4] DEBUG connectK.ConnectK - Player 2 [LazyAI]  says:
2016-11-20 22:07:00 [Thread-4] DEBUG connectK.ConnectK - Player 2 [LazyAI]  says:
2016-11-20 22:07:00 [Thread-26] DEBUG connectK.ConnectK - Player 1 [LazyAI]  returns move 4, 2.
2016-11-20 22:07:00 [Thread-26] DEBUG connectK.ConnectK - Player 2 [UltimateTicTacToeBotAI]  says:
2016-11-20 22:07:01 [Thread-26] DEBUG connectK.ConnectK - Player 2 [UltimateTicTacToeBotAI]  returns move 2, 3.
2016-11-20 22:07:01 [Thread-26] DEBUG connectK.ConnectK - Player 1 [LazyAI]  says:
2016-11-20 22:07:04 [Thread-4] DEBUG connectK.ConnectK - Player 2 [LazyAI]  returns move 0, 2.
2016-11-20 22:07:04 [Thread-4] DEBUG connectK.ConnectK - Player 2 [LazyAI]  returns move 0, 2.
2016-11-20 22:07:04 [Thread-4] DEBUG connectK.ConnectK - Player 1 [LazyAI]  says:
2016-11-20 22:07:04 [Thread-4] DEBUG connectK.ConnectK - Player 1 [LazyAI]  says:
2016-11-20 22:07:06 [Thread-26] DEBUG connectK.ConnectK - Player 1 [LazyAI]  returns move 5, 4.
2016-11-20 22:07:06 [Thread-26] DEBUG connectK.ConnectK - Player 2 [UltimateTicTacToeBotAI]  says:
2016-11-20 22:07:06 [Thread-26] DEBUG connectK.ConnectK - Player 2 [UltimateTicTacToeBotAI]  returns move 3, 3.
2016-11-20 22:07:06 [Thread-26] DEBUG connectK.ConnectK - Player 1 [LazyAI]  says:
2016-11-20 22:07:09 [Thread-4] DEBUG connectK.ConnectK - Player 1 [LazyAI]  returns move 1, 5.
2016-11-20 22:07:09 [Thread-4] DEBUG connectK.ConnectK - Player 1 [LazyAI]  returns move 1, 5.
2016-11-20 22:07:09 [Thread-4] DEBUG connectK.ConnectK - Player 2 [LazyAI]  says:
2016-11-20 22:07:09 [Thread-4] DEBUG connectK.ConnectK - Player 2 [LazyAI]  says:
2016-11-20 22:07:11 [Thread-26] DEBUG connectK.ConnectK - Player 1 [LazyAI]  returns move 3, 4.
2016-11-20 22:07:11 [Thread-26] DEBUG connectK.ConnectK - Player 2 [UltimateTicTacToeBotAI]  says:
2016-11-20 22:07:11 [Thread-26] DEBUG connectK.ConnectK - Player 2 [UltimateTicTacToeBotAI]  returns move 4, 4.
2016-11-20 22:07:11 [Thread-26] DEBUG connectK.ConnectK - Player 1 [LazyAI]  says:
2016-11-20 22:07:14 [Thread-4] DEBUG connectK.ConnectK - Player 2 [LazyAI]  returns move 7, 1.
2016-11-20 22:07:14 [Thread-4] DEBUG connectK.ConnectK - Player 2 [LazyAI]  returns move 7, 1.
2016-11-20 22:07:14 [Thread-4] DEBUG connectK.ConnectK - Player 1 [LazyAI]  says:
2016-11-20 22:07:14 [Thread-4] DEBUG connectK.ConnectK - Player 1 [LazyAI]  says:
2016-11-20 22:07:16 [Thread-26] DEBUG connectK.ConnectK - Player 1 [LazyAI]  returns move 4, 1.
2016-11-20 22:07:16 [Thread-26] DEBUG connectK.ConnectK - Player 2 [UltimateTicTacToeBotAI]  says:
2016-11-20 22:07:17 [Thread-26] DEBUG connectK.ConnectK - Player 2 [UltimateTicTacToeBotAI]  returns move 4, 0.
2016-11-20 22:07:17 [Thread-26] DEBUG connectK.ConnectK - Player 1 [LazyAI]  says:
2016-11-20 22:07:19 [Thread-4] DEBUG connectK.ConnectK - Player 1 [LazyAI]  returns move 6, 0.
2016-11-20 22:07:19 [Thread-4] DEBUG connectK.ConnectK - Player 1 [LazyAI]  returns move 6, 0.
2016-11-20 22:07:19 [Thread-4] DEBUG connectK.ConnectK - Player 2 [LazyAI]  says:
2016-11-20 22:07:19 [Thread-4] DEBUG connectK.ConnectK - Player 2 [LazyAI]  says:
2016-11-20 22:07:22 [Thread-26] DEBUG connectK.ConnectK - Player 1 [LazyAI]  returns move 1, 3.
2016-11-20 22:07:22 [Thread-26] DEBUG connectK.ConnectK - Player 2 [UltimateTicTacToeBotAI]  says:
2016-11-20 22:07:22 [Thread-26] DEBUG connectK.ConnectK - Player 2 [UltimateTicTacToeBotAI]  returns move 4, 6.
2016-11-20 22:07:22 [Thread-26] DEBUG connectK.ConnectK - Player 1 [LazyAI]  says:
2016-11-20 22:07:24 [Thread-4] DEBUG connectK.ConnectK - Player 2 [LazyAI]  returns move 8, 2.
2016-11-20 22:07:24 [Thread-4] DEBUG connectK.ConnectK - Player 2 [LazyAI]  returns move 8, 2.
2016-11-20 22:07:24 [Thread-4] DEBUG connectK.ConnectK - Player 1 [LazyAI]  says:
2016-11-20 22:07:24 [Thread-4] DEBUG connectK.ConnectK - Player 1 [LazyAI]  says:
2016-11-20 22:07:27 [Thread-26] DEBUG connectK.ConnectK - Player 1 [LazyAI]  returns move 5, 5.
2016-11-20 22:07:27 [Thread-26] DEBUG connectK.ConnectK - Player 2 [UltimateTicTacToeBotAI]  says:
2016-11-20 22:07:28 [Thread-26] DEBUG connectK.ConnectK - Player 2 [UltimateTicTacToeBotAI]  returns move 5, 3.
2016-11-20 22:07:28 [Thread-26] DEBUG connectK.ConnectK - Player 1 [LazyAI]  says:
2016-11-20 22:07:29 [Thread-4] DEBUG connectK.ConnectK - Player 1 [LazyAI]  returns move 1, 0.
2016-11-20 22:07:29 [Thread-4] DEBUG connectK.ConnectK - Player 1 [LazyAI]  returns move 1, 0.
2016-11-20 22:07:29 [Thread-4] DEBUG connectK.ConnectK - Player 2 [LazyAI]  says:
2016-11-20 22:07:29 [Thread-4] DEBUG connectK.ConnectK - Player 2 [LazyAI]  says:
2016-11-20 22:07:33 [Thread-26] DEBUG connectK.ConnectK - Player 1 [LazyAI]  returns move 6, 2.
2016-11-20 22:07:33 [Thread-26] DEBUG connectK.ConnectK - Player 2 [UltimateTicTacToeBotAI]  says:
2016-11-20 22:07:33 [Thread-26] DEBUG connectK.ConnectK - Player 2 [UltimateTicTacToeBotAI]  returns move 5, 2.
2016-11-20 22:07:33 [Thread-26] DEBUG connectK.ConnectK - Player 1 [LazyAI]  says:
2016-11-20 22:07:34 [Thread-4] DEBUG connectK.ConnectK - Player 2 [LazyAI]  returns move 7, 6.
2016-11-20 22:07:34 [Thread-4] DEBUG connectK.ConnectK - Player 2 [LazyAI]  returns move 7, 6.
2016-11-20 22:07:34 [Thread-4] DEBUG connectK.ConnectK - Player 1 [LazyAI]  says:
2016-11-20 22:07:34 [Thread-4] DEBUG connectK.ConnectK - Player 1 [LazyAI]  says:
2016-11-20 22:07:38 [Thread-26] DEBUG connectK.ConnectK - Player 1 [LazyAI]  returns move 7, 3.
2016-11-20 22:07:38 [Thread-26] DEBUG connectK.ConnectK - Player 2 [UltimateTicTacToeBotAI]  says:
2016-11-20 22:07:38 [Thread-26] DEBUG connectK.ConnectK - Player 2 [UltimateTicTacToeBotAI]  returns move 4, 5.
2016-11-20 22:07:38 [Thread-26] DEBUG connectK.ConnectK - Player 1 [LazyAI]  says:
2016-11-20 22:07:39 [Thread-4] DEBUG connectK.ConnectK - Player 1 [LazyAI]  returns move 0, 3.
2016-11-20 22:07:39 [Thread-4] DEBUG connectK.ConnectK - Player 1 [LazyAI]  returns move 0, 3.
2016-11-20 22:07:39 [Thread-4] DEBUG connectK.ConnectK - Player 2 [LazyAI]  says:
2016-11-20 22:07:39 [Thread-4] DEBUG connectK.ConnectK - Player 2 [LazyAI]  says:
2016-11-20 22:07:43 [Thread-26] DEBUG connectK.ConnectK - Player 1 [LazyAI]  returns move 2, 6.
2016-11-20 22:07:43 [Thread-26] DEBUG connectK.ConnectK - Player 2 [UltimateTicTacToeBotAI]  says:
2016-11-20 22:07:43 [Thread-26] DEBUG connectK.ConnectK - Player 2 [UltimateTicTacToeBotAI]  returns move 0, 2.
2016-11-20 22:07:43 [Thread-26] DEBUG connectK.ConnectK - Player 1 [LazyAI]  says:
2016-11-20 22:07:44 [Thread-4] DEBUG connectK.ConnectK - Player 2 [LazyAI]  returns move 0, 0.
2016-11-20 22:07:44 [Thread-4] DEBUG connectK.ConnectK - Player 2 [LazyAI]  returns move 0, 0.
2016-11-20 22:07:44 [Thread-4] DEBUG connectK.ConnectK - Player 1 [LazyAI]  says:
2016-11-20 22:07:44 [Thread-4] DEBUG connectK.ConnectK - Player 1 [LazyAI]  says:
2016-11-20 22:07:48 [Thread-26] DEBUG connectK.ConnectK - Player 1 [LazyAI]  returns move 5, 0.
2016-11-20 22:07:48 [Thread-26] DEBUG connectK.ConnectK - Player 2 [UltimateTicTacToeBotAI]  says:
2016-11-20 22:07:48 [Thread-26] DEBUG connectK.ConnectK - Player 2 [UltimateTicTacToeBotAI]  returns move 1, 1.
2016-11-20 22:07:48 [Thread-26] DEBUG connectK.ConnectK - Player 1 [LazyAI]  says:
2016-11-20 22:07:48 [Thread-4] DEBUG connectK.ConnectK - Player 1 [LazyAI]  returns move 0, 1.
2016-11-20 22:07:48 [Thread-4] DEBUG connectK.ConnectK - Player 1 [LazyAI]  returns move 0, 1.
2016-11-20 22:07:48 [Thread-4] DEBUG connectK.ConnectK - Player 2 [LazyAI]  says:
2016-11-20 22:07:48 [Thread-4] DEBUG connectK.ConnectK - Player 2 [LazyAI]  says:
2016-11-20 22:07:53 [Thread-26] DEBUG connectK.ConnectK - Player 1 [LazyAI]  returns move 2, 5.
2016-11-20 22:07:53 [Thread-26] DEBUG connectK.ConnectK - Player 2 [UltimateTicTacToeBotAI]  says:
2016-11-20 22:07:53 [Thread-26] DEBUG connectK.ConnectK - Player 2 [UltimateTicTacToeBotAI]  returns move 6, 1.
2016-11-20 22:07:53 [Thread-26] DEBUG connectK.ConnectK - Player 1 [LazyAI]  says:
2016-11-20 22:07:53 [Thread-4] DEBUG connectK.ConnectK - Player 2 [LazyAI]  returns move 0, 4.
2016-11-20 22:07:53 [Thread-4] DEBUG connectK.ConnectK - Player 2 [LazyAI]  returns move 0, 4.
2016-11-20 22:07:53 [Thread-4] DEBUG connectK.ConnectK - Player 1 [LazyAI]  says:
2016-11-20 22:07:53 [Thread-4] DEBUG connectK.ConnectK - Player 1 [LazyAI]  says:
2016-11-20 22:07:57 [Thread-26] DEBUG connectK.ConnectK - Player 1 [LazyAI]  returns move 8, 2.
2016-11-20 22:07:57 [Thread-26] DEBUG connectK.ConnectK - Player 2 [UltimateTicTacToeBotAI]  says:
2016-11-20 22:07:57 [Thread-26] DEBUG connectK.ConnectK - Player 2 [UltimateTicTacToeBotAI]  returns move 7, 2.
2016-11-20 22:07:57 [Thread-26] DEBUG connectK.ConnectK - Player 1 [LazyAI]  says:
2016-11-20 22:07:58 [Thread-4] DEBUG connectK.ConnectK - Player 1 [LazyAI]  returns move 0, 5.
2016-11-20 22:07:58 [Thread-4] DEBUG connectK.ConnectK - Player 1 [LazyAI]  returns move 0, 5.
2016-11-20 22:07:58 [Thread-4] DEBUG connectK.ConnectK - Player 2 [LazyAI]  says:
2016-11-20 22:07:58 [Thread-4] DEBUG connectK.ConnectK - Player 2 [LazyAI]  says:
2016-11-20 22:08:02 [Thread-26] DEBUG connectK.ConnectK - Player 1 [LazyAI]  returns move 5, 6.
2016-11-20 22:08:02 [Thread-26] DEBUG connectK.ConnectK - Player 2 [UltimateTicTacToeBotAI]  says:
2016-11-20 22:08:02 [Thread-26] DEBUG connectK.ConnectK - Player 2 [UltimateTicTacToeBotAI]  returns move 1, 2.
2016-11-20 22:08:02 [Thread-26] DEBUG connectK.ConnectK - Player 1 [LazyAI]  says:
2016-11-20 22:08:03 [Thread-4] DEBUG connectK.ConnectK - Player 2 [LazyAI]  returns move 0, 6.
2016-11-20 22:08:03 [Thread-4] DEBUG connectK.ConnectK - Player 2 [LazyAI]  returns move 0, 6.
2016-11-20 22:08:03 [Thread-4] DEBUG connectK.ConnectK - Player 1 [LazyAI]  says:
2016-11-20 22:08:03 [Thread-4] DEBUG connectK.ConnectK - Player 1 [LazyAI]  says:
2016-11-20 22:08:07 [Thread-26] DEBUG connectK.ConnectK - Player 1 [LazyAI]  returns move 2, 0.
2016-11-20 22:08:07 [Thread-26] DEBUG connectK.ConnectK - Player 2 [UltimateTicTacToeBotAI]  says:
2016-11-20 22:08:07 [Thread-26] DEBUG connectK.ConnectK - Player 2 [UltimateTicTacToeBotAI]  returns move 6, 3.
2016-11-20 22:08:07 [Thread-26] DEBUG connectK.ConnectK - Player 1 [LazyAI]  says:
2016-11-20 22:08:07 [Thread-26] DEBUG connectK.ConnectK - Player 1 [LazyAI]  returns move 0, 3.
2016-11-20 22:08:07 [Thread-26] DEBUG connectK.ConnectK - Player 2 [UltimateTicTacToeBotAI]  says:
2016-11-20 22:08:07 [Thread-26] DEBUG connectK.ConnectK - Player 2 [UltimateTicTacToeBotAI]  returns move 1, 4.
2016-11-20 22:08:07 [Thread-26] DEBUG connectK.ConnectK - Player 1 [LazyAI]  says:
2016-11-20 22:08:07 [Thread-26] DEBUG connectK.ConnectK - Player 1 [LazyAI]  returns move 0, 0.
2016-11-20 22:08:07 [Thread-26] DEBUG connectK.ConnectK - Player 2 [UltimateTicTacToeBotAI]  says:
2016-11-20 22:08:07 [Thread-26] DEBUG connectK.ConnectK - Player 2 [UltimateTicTacToeBotAI]  returns move 1, 0.
2016-11-20 22:08:07 [Thread-26] DEBUG connectK.ConnectK - Player 1 [LazyAI]  says:
2016-11-20 22:08:07 [Thread-26] DEBUG connectK.ConnectK - Player 1 [LazyAI]  returns move 4, 3.
2016-11-20 22:08:07 [Thread-26] DEBUG connectK.ConnectK - Player 2 [UltimateTicTacToeBotAI]  says:
2016-11-20 22:08:07 [Thread-26] DEBUG connectK.ConnectK - Player 2 [UltimateTicTacToeBotAI]  returns move 0, 1.
2016-11-20 22:08:07 [Thread-26] DEBUG connectK.ConnectK - Player 1 [LazyAI]  says:
2016-11-20 22:08:08 [Thread-4] DEBUG connectK.ConnectK - Player 1 [LazyAI]  returns move 1, 1.
2016-11-20 22:08:08 [Thread-4] DEBUG connectK.ConnectK - Player 1 [LazyAI]  returns move 1, 1.
2016-11-20 22:08:08 [Thread-4] DEBUG connectK.ConnectK - Player 2 [LazyAI]  says:
2016-11-20 22:08:08 [Thread-4] DEBUG connectK.ConnectK - Player 2 [LazyAI]  says:
2016-11-20 22:08:12 [Thread-26] DEBUG connectK.ConnectK - Player 1 [LazyAI]  returns move 0, 4.
2016-11-20 22:08:12 [Thread-26] DEBUG connectK.ConnectK - Player 2 [UltimateTicTacToeBotAI]  says:
2016-11-20 22:08:12 [Thread-26] DEBUG connectK.ConnectK - Player 2 [UltimateTicTacToeBotAI]  returns move 8, 3.
2016-11-20 22:08:12 [Thread-26] DEBUG connectK.ConnectK - Player 1 [LazyAI]  says:
2016-11-20 22:08:13 [Thread-4] DEBUG connectK.ConnectK - Player 2 [LazyAI]  returns move 1, 2.
2016-11-20 22:08:13 [Thread-4] DEBUG connectK.ConnectK - Player 2 [LazyAI]  returns move 1, 2.
2016-11-20 22:08:13 [Thread-4] DEBUG connectK.ConnectK - Player 1 [LazyAI]  says:
2016-11-20 22:08:13 [Thread-4] DEBUG connectK.ConnectK - Player 1 [LazyAI]  says:
2016-11-20 22:08:17 [Thread-26] DEBUG connectK.ConnectK - Player 1 [LazyAI]  returns move 0, 5.
2016-11-20 22:08:17 [Thread-26] DEBUG connectK.ConnectK - Player 2 [UltimateTicTacToeBotAI]  says:
2016-11-20 22:08:17 [Thread-26] DEBUG connectK.ConnectK - Player 2 [UltimateTicTacToeBotAI]  returns move 0, 6.
2016-11-20 22:08:17 [Thread-26] DEBUG connectK.ConnectK - Player 1 [LazyAI]  says:
2016-11-20 22:08:18 [Thread-4] DEBUG connectK.ConnectK - Player 1 [LazyAI]  returns move 1, 6.
2016-11-20 22:08:18 [Thread-4] DEBUG connectK.ConnectK - Player 1 [LazyAI]  returns move 1, 6.
2016-11-20 22:08:18 [Thread-4] DEBUG connectK.ConnectK - Player 2 [LazyAI]  says:
2016-11-20 22:08:18 [Thread-4] DEBUG connectK.ConnectK - Player 2 [LazyAI]  says:
2016-11-20 22:08:22 [Thread-26] DEBUG connectK.ConnectK - Player 1 [LazyAI]  returns move 1, 5.
2016-11-20 22:08:22 [Thread-26] DEBUG connectK.ConnectK - Player 2 [UltimateTicTacToeBotAI]  says:
2016-11-20 22:08:22 [Thread-26] DEBUG connectK.ConnectK - Player 2 [UltimateTicTacToeBotAI]  returns move 3, 5.
2016-11-20 22:08:22 [Thread-26] DEBUG connectK.ConnectK - Player 1 [LazyAI]  says:
2016-11-20 22:08:23 [Thread-4] DEBUG connectK.ConnectK - Player 2 [LazyAI]  returns move 2, 0.
2016-11-20 22:08:23 [Thread-4] DEBUG connectK.ConnectK - Player 2 [LazyAI]  returns move 2, 0.
2016-11-20 22:08:23 [Thread-4] DEBUG connectK.ConnectK - Player 1 [LazyAI]  says:
2016-11-20 22:08:23 [Thread-4] DEBUG connectK.ConnectK - Player 1 [LazyAI]  says:
2016-11-20 22:08:27 [Thread-26] DEBUG connectK.ConnectK - Player 1 [LazyAI]  returns move 1, 6.
2016-11-20 22:08:27 [Thread-26] DEBUG connectK.ConnectK - Player 2 [UltimateTicTacToeBotAI]  says:
2016-11-20 22:08:27 [Thread-26] DEBUG connectK.ConnectK - Player 2 [UltimateTicTacToeBotAI]  returns move 2, 1.
2016-11-20 22:08:27 [Thread-26] DEBUG connectK.ConnectK - Player 1 [LazyAI]  says:
2016-11-20 22:08:27 [Thread-4] DEBUG connectK.ConnectK - Player 1 [LazyAI]  returns move 2, 1.
2016-11-20 22:08:27 [Thread-4] DEBUG connectK.ConnectK - Player 1 [LazyAI]  returns move 2, 1.
2016-11-20 22:08:27 [Thread-4] DEBUG connectK.ConnectK - Player 2 [LazyAI]  says:
2016-11-20 22:08:27 [Thread-4] DEBUG connectK.ConnectK - Player 2 [LazyAI]  says:
2016-11-20 22:08:32 [Thread-26] DEBUG connectK.ConnectK - Player 1 [LazyAI]  returns move 2, 2.
2016-11-20 22:08:32 [Thread-26] DEBUG connectK.ConnectK - Player 2 [UltimateTicTacToeBotAI]  says:
2016-11-20 22:08:32 [Thread-26] DEBUG connectK.ConnectK - Player 2 [UltimateTicTacToeBotAI]  returns move 3, 1.
2016-11-20 22:08:32 [Thread-26] DEBUG connectK.ConnectK - Player 1 [LazyAI]  says:
2016-11-20 22:08:32 [Thread-4] DEBUG connectK.ConnectK - Player 2 [LazyAI]  returns move 2, 3.
2016-11-20 22:08:32 [Thread-4] DEBUG connectK.ConnectK - Player 2 [LazyAI]  returns move 2, 3.
2016-11-20 22:08:32 [Thread-4] DEBUG connectK.ConnectK - Player 1 [LazyAI]  says:
2016-11-20 22:08:32 [Thread-4] DEBUG connectK.ConnectK - Player 1 [LazyAI]  says:
2016-11-20 22:08:37 [Thread-26] DEBUG connectK.ConnectK - Player 1 [LazyAI]  returns move 2, 4.
2016-11-20 22:08:37 [Thread-26] DEBUG connectK.ConnectK - Player 2 [UltimateTicTacToeBotAI]  says:
2016-11-20 22:08:37 [Thread-26] DEBUG connectK.ConnectK - Player 2 [UltimateTicTacToeBotAI]  returns move 3, 0.
2016-11-20 22:08:37 [Thread-26] DEBUG connectK.ConnectK - Player 1 [LazyAI]  says:
2016-11-20 22:08:37 [Thread-4] DEBUG connectK.ConnectK - Player 1 [LazyAI]  returns move 2, 5.
2016-11-20 22:08:37 [Thread-4] DEBUG connectK.ConnectK - Player 1 [LazyAI]  returns move 2, 5.
2016-11-20 22:08:37 [Thread-4] DEBUG connectK.ConnectK - Player 2 [LazyAI]  says:
2016-11-20 22:08:37 [Thread-4] DEBUG connectK.ConnectK - Player 2 [LazyAI]  says:
2016-11-20 22:08:42 [Thread-26] DEBUG connectK.ConnectK - Player 1 [LazyAI]  returns move 3, 2.
2016-11-20 22:08:42 [Thread-26] DEBUG connectK.ConnectK - Player 2 [UltimateTicTacToeBotAI]  says:
2016-11-20 22:08:42 [Thread-26] DEBUG connectK.ConnectK - Player 2 [UltimateTicTacToeBotAI]  returns move 3, 6.
2016-11-20 22:08:42 [Thread-26] DEBUG connectK.ConnectK - Player 1 [LazyAI]  says:
2016-11-20 22:08:42 [Thread-4] DEBUG connectK.ConnectK - Player 2 [LazyAI]  returns move 2, 6.
2016-11-20 22:08:42 [Thread-4] DEBUG connectK.ConnectK - Player 2 [LazyAI]  returns move 2, 6.
2016-11-20 22:08:42 [Thread-4] DEBUG connectK.ConnectK - Player 1 [LazyAI]  says:
2016-11-20 22:08:42 [Thread-4] DEBUG connectK.ConnectK - Player 1 [LazyAI]  says:
2016-11-20 22:08:47 [Thread-26] DEBUG connectK.ConnectK - Player 1 [LazyAI]  returns move 5, 1.
2016-11-20 22:08:47 [Thread-26] DEBUG connectK.ConnectK - Player 2 [UltimateTicTacToeBotAI]  says:
2016-11-20 22:08:47 [Thread-26] DEBUG connectK.ConnectK - Player 2 [UltimateTicTacToeBotAI]  returns move 6, 0.
2016-11-20 22:08:47 [Thread-26] DEBUG connectK.ConnectK - Player 1 [LazyAI]  says:
2016-11-20 22:08:47 [Thread-4] DEBUG connectK.ConnectK - Player 1 [LazyAI]  returns move 3, 2.
2016-11-20 22:08:47 [Thread-4] DEBUG connectK.ConnectK - Player 1 [LazyAI]  returns move 3, 2.
2016-11-20 22:08:47 [Thread-4] DEBUG connectK.ConnectK - Player 2 [LazyAI]  says:
2016-11-20 22:08:47 [Thread-4] DEBUG connectK.ConnectK - Player 2 [LazyAI]  says:
2016-11-20 22:08:52 [Thread-26] DEBUG connectK.ConnectK - Player 1 [LazyAI]  returns move 8, 6.
2016-11-20 22:08:52 [Thread-26] DEBUG connectK.ConnectK - Player 2 [UltimateTicTacToeBotAI]  says:
2016-11-20 22:08:52 [Thread-26] DEBUG connectK.ConnectK - Player 2 [UltimateTicTacToeBotAI]  returns move 6, 4.
2016-11-20 22:08:52 [Thread-26] DEBUG connectK.ConnectK - Player 1 [LazyAI]  says:
2016-11-20 22:08:52 [Thread-4] DEBUG connectK.ConnectK - Player 2 [LazyAI]  returns move 3, 3.
2016-11-20 22:08:52 [Thread-4] DEBUG connectK.ConnectK - Player 2 [LazyAI]  returns move 3, 3.
2016-11-20 22:08:52 [Thread-4] DEBUG connectK.ConnectK - Player 1 [LazyAI]  says:
2016-11-20 22:08:52 [Thread-4] DEBUG connectK.ConnectK - Player 1 [LazyAI]  says:
2016-11-20 22:08:57 [Thread-26] DEBUG connectK.ConnectK - Player 1 [LazyAI]  returns move 6, 5.
2016-11-20 22:08:57 [Thread-26] DEBUG connectK.ConnectK - Player 2 [UltimateTicTacToeBotAI]  says:
2016-11-20 22:08:57 [Thread-26] DEBUG connectK.ConnectK - Player 2 [UltimateTicTacToeBotAI]  returns move 6, 6.
2016-11-20 22:08:57 [Thread-26] DEBUG connectK.ConnectK - Player 1 [LazyAI]  says:
2016-11-20 22:08:57 [Thread-26] DEBUG connectK.ConnectK - Player 1 [LazyAI]  returns move 7, 6.
2016-11-20 22:08:57 [Thread-26] DEBUG connectK.ConnectK - Player 1 [LazyAI]  (LazyAI) wins!
2016-11-20 22:08:57 [Thread-4] DEBUG connectK.ConnectK - Player 1 [LazyAI]  returns move 3, 5.
2016-11-20 22:08:57 [Thread-4] DEBUG connectK.ConnectK - Player 1 [LazyAI]  returns move 3, 5.
2016-11-20 22:08:57 [Thread-4] DEBUG connectK.ConnectK - Player 2 [LazyAI]  says:
2016-11-20 22:08:57 [Thread-4] DEBUG connectK.ConnectK - Player 2 [LazyAI]  says:
2016-11-20 22:09:02 [Thread-4] DEBUG connectK.ConnectK - Player 2 [LazyAI]  returns move 5, 0.
2016-11-20 22:09:02 [Thread-4] DEBUG connectK.ConnectK - Player 2 [LazyAI]  returns move 5, 0.
2016-11-20 22:09:02 [Thread-4] DEBUG connectK.ConnectK - Player 1 [LazyAI]  says:
2016-11-20 22:09:02 [Thread-4] DEBUG connectK.ConnectK - Player 1 [LazyAI]  says:
2016-11-20 22:09:07 [Thread-4] DEBUG connectK.ConnectK - Player 1 [LazyAI]  returns move 5, 1.
2016-11-20 22:09:07 [Thread-4] DEBUG connectK.ConnectK - Player 1 [LazyAI]  returns move 5, 1.
2016-11-20 22:09:07 [Thread-4] DEBUG connectK.ConnectK - Player 2 [LazyAI]  says:
2016-11-20 22:09:07 [Thread-4] DEBUG connectK.ConnectK - Player 2 [LazyAI]  says:
2016-11-20 22:09:11 [Thread-4] DEBUG connectK.ConnectK - Player 2 [LazyAI]  returns move 5, 4.
2016-11-20 22:09:11 [Thread-4] DEBUG connectK.ConnectK - Player 2 [LazyAI]  returns move 5, 4.
2016-11-20 22:09:11 [Thread-4] DEBUG connectK.ConnectK - Player 1 [LazyAI]  says:
2016-11-20 22:09:11 [Thread-4] DEBUG connectK.ConnectK - Player 1 [LazyAI]  says:
2016-11-20 22:09:16 [Thread-4] DEBUG connectK.ConnectK - Player 1 [LazyAI]  returns move 5, 5.
2016-11-20 22:09:16 [Thread-4] DEBUG connectK.ConnectK - Player 1 [LazyAI]  returns move 5, 5.
2016-11-20 22:09:16 [Thread-4] DEBUG connectK.ConnectK - Player 2 [LazyAI]  says:
2016-11-20 22:09:16 [Thread-4] DEBUG connectK.ConnectK - Player 2 [LazyAI]  says:
2016-11-20 22:09:21 [Thread-4] DEBUG connectK.ConnectK - Player 2 [LazyAI]  returns move 5, 6.
2016-11-20 22:09:21 [Thread-4] DEBUG connectK.ConnectK - Player 2 [LazyAI]  returns move 5, 6.
2016-11-20 22:09:21 [Thread-4] DEBUG connectK.ConnectK - Player 1 [LazyAI]  says:
2016-11-20 22:09:21 [Thread-4] DEBUG connectK.ConnectK - Player 1 [LazyAI]  says:
2016-11-20 22:09:26 [Thread-4] DEBUG connectK.ConnectK - Player 1 [LazyAI]  returns move 6, 1.
2016-11-20 22:09:26 [Thread-4] DEBUG connectK.ConnectK - Player 1 [LazyAI]  returns move 6, 1.
2016-11-20 22:09:26 [Thread-4] DEBUG connectK.ConnectK - Player 2 [LazyAI]  says:
2016-11-20 22:09:26 [Thread-4] DEBUG connectK.ConnectK - Player 2 [LazyAI]  says:
2016-11-20 22:09:31 [Thread-4] DEBUG connectK.ConnectK - Player 2 [LazyAI]  returns move 6, 2.
2016-11-20 22:09:31 [Thread-4] DEBUG connectK.ConnectK - Player 2 [LazyAI]  returns move 6, 2.
2016-11-20 22:09:31 [Thread-4] DEBUG connectK.ConnectK - Player 1 [LazyAI]  says:
2016-11-20 22:09:31 [Thread-4] DEBUG connectK.ConnectK - Player 1 [LazyAI]  says:
2016-11-20 22:09:36 [Thread-4] DEBUG connectK.ConnectK - Player 1 [LazyAI]  returns move 6, 3.
2016-11-20 22:09:36 [Thread-4] DEBUG connectK.ConnectK - Player 1 [LazyAI]  returns move 6, 3.
2016-11-20 22:09:36 [Thread-4] DEBUG connectK.ConnectK - Player 2 [LazyAI]  says:
2016-11-20 22:09:36 [Thread-4] DEBUG connectK.ConnectK - Player 2 [LazyAI]  says:
2016-11-20 22:09:41 [Thread-4] DEBUG connectK.ConnectK - Player 2 [LazyAI]  returns move 6, 6.
2016-11-20 22:09:41 [Thread-4] DEBUG connectK.ConnectK - Player 2 [LazyAI]  returns move 6, 6.
2016-11-20 22:09:41 [Thread-4] DEBUG connectK.ConnectK - Player 1 [LazyAI]  says:
2016-11-20 22:09:41 [Thread-4] DEBUG connectK.ConnectK - Player 1 [LazyAI]  says:
2016-11-20 22:09:46 [Thread-4] DEBUG connectK.ConnectK - Player 1 [LazyAI]  returns move 7, 0.
2016-11-20 22:09:46 [Thread-4] DEBUG connectK.ConnectK - Player 1 [LazyAI]  returns move 7, 0.
2016-11-20 22:09:46 [Thread-4] DEBUG connectK.ConnectK - Player 2 [LazyAI]  says:
2016-11-20 22:09:46 [Thread-4] DEBUG connectK.ConnectK - Player 2 [LazyAI]  says:
2016-11-20 22:09:51 [Thread-4] DEBUG connectK.ConnectK - Player 2 [LazyAI]  returns move 7, 3.
2016-11-20 22:09:51 [Thread-4] DEBUG connectK.ConnectK - Player 2 [LazyAI]  returns move 7, 3.
2016-11-20 22:09:51 [Thread-4] DEBUG connectK.ConnectK - Player 1 [LazyAI]  says:
2016-11-20 22:09:51 [Thread-4] DEBUG connectK.ConnectK - Player 1 [LazyAI]  says:
2016-11-20 22:09:55 [Thread-4] DEBUG connectK.ConnectK - Player 1 [LazyAI]  returns move 7, 4.
2016-11-20 22:09:55 [Thread-4] DEBUG connectK.ConnectK - Player 1 [LazyAI]  returns move 7, 4.
2016-11-20 22:09:56 [Thread-4] DEBUG connectK.ConnectK - Player 2 [LazyAI]  says:
2016-11-20 22:09:56 [Thread-4] DEBUG connectK.ConnectK - Player 2 [LazyAI]  says:
2016-11-20 22:10:00 [Thread-4] DEBUG connectK.ConnectK - Player 2 [LazyAI]  returns move 7, 5.
2016-11-20 22:10:00 [Thread-4] DEBUG connectK.ConnectK - Player 2 [LazyAI]  returns move 7, 5.
2016-11-20 22:10:00 [Thread-4] DEBUG connectK.ConnectK - Player 1 [LazyAI]  says:
2016-11-20 22:10:00 [Thread-4] DEBUG connectK.ConnectK - Player 1 [LazyAI]  says:
2016-11-20 22:10:05 [Thread-4] DEBUG connectK.ConnectK - Player 1 [LazyAI]  returns move 8, 0.
2016-11-20 22:10:05 [Thread-4] DEBUG connectK.ConnectK - Player 1 [LazyAI]  returns move 8, 0.
2016-11-20 22:10:05 [Thread-4] DEBUG connectK.ConnectK - Player 2 [LazyAI]  says:
2016-11-20 22:10:05 [Thread-4] DEBUG connectK.ConnectK - Player 2 [LazyAI]  says:
2016-11-20 22:10:10 [Thread-4] DEBUG connectK.ConnectK - Player 2 [LazyAI]  returns move 8, 1.
2016-11-20 22:10:10 [Thread-4] DEBUG connectK.ConnectK - Player 2 [LazyAI]  returns move 8, 1.
2016-11-20 22:10:10 [Thread-4] DEBUG connectK.ConnectK - Player 1 [LazyAI]  says:
2016-11-20 22:10:10 [Thread-4] DEBUG connectK.ConnectK - Player 1 [LazyAI]  says:
2016-11-20 22:10:15 [Thread-4] DEBUG connectK.ConnectK - Player 1 [LazyAI]  returns move 8, 3.
2016-11-20 22:10:15 [Thread-4] DEBUG connectK.ConnectK - Player 1 [LazyAI]  returns move 8, 3.
2016-11-20 22:10:15 [Thread-4] DEBUG connectK.ConnectK - Player 2 [LazyAI]  says:
2016-11-20 22:10:15 [Thread-4] DEBUG connectK.ConnectK - Player 2 [LazyAI]  says:
2016-11-20 22:10:20 [Thread-4] DEBUG connectK.ConnectK - Player 2 [LazyAI]  returns move 8, 5.
2016-11-20 22:10:20 [Thread-4] DEBUG connectK.ConnectK - Player 2 [LazyAI]  returns move 8, 5.
2016-11-20 22:10:20 [Thread-4] DEBUG connectK.ConnectK - Player 1 [LazyAI]  says:
2016-11-20 22:10:20 [Thread-4] DEBUG connectK.ConnectK - Player 1 [LazyAI]  says:
2016-11-20 22:10:20 [Thread-4] DEBUG connectK.ConnectK - Player 1 [LazyAI]  returns move 8, 6.
2016-11-20 22:10:20 [Thread-4] DEBUG connectK.ConnectK - Player 1 [LazyAI]  returns move 8, 6.
2016-12-04 11:18:51 [Thread-4] DEBUG connectK.ConnectK - Player 1 [LazyAI]  says:
2016-12-04 11:18:55 [Thread-4] DEBUG connectK.ConnectK - Player 1 [LazyAI]  returns move 2, 3.
2016-12-04 11:18:55 [Thread-4] DEBUG connectK.ConnectK - Player 2 [AverageAI]  says:
2016-12-04 11:19:00 [Thread-4] DEBUG connectK.ConnectK - Player 2 [AverageAI]  returns move 4, 6.
2016-12-04 11:19:00 [Thread-4] DEBUG connectK.ConnectK - Player 1 [LazyAI]  says:
2016-12-04 11:19:04 [Thread-4] DEBUG connectK.ConnectK - Player 1 [LazyAI]  returns move 2, 3.
2016-12-04 11:19:04 [Thread-4] DEBUG connectK.ConnectK - Player 2 [AverageAI]  says:
2016-12-04 11:19:09 [Thread-4] DEBUG connectK.ConnectK - Player 2 [AverageAI]  returns move 7, 6.
2016-12-04 11:19:09 [Thread-4] DEBUG connectK.ConnectK - Player 1 [LazyAI]  says:
2016-12-04 11:19:14 [Thread-4] DEBUG connectK.ConnectK - Player 1 [LazyAI]  returns move 4, 3.
2016-12-04 11:19:14 [Thread-4] DEBUG connectK.ConnectK - Player 2 [AverageAI]  says:
2016-12-04 11:19:18 [Thread-4] DEBUG connectK.ConnectK - Player 2 [AverageAI]  returns move 6, 6.
2016-12-04 11:19:18 [Thread-4] DEBUG connectK.ConnectK - Player 1 [LazyAI]  says:
2016-12-04 11:19:23 [Thread-4] DEBUG connectK.ConnectK - Player 1 [LazyAI]  returns move 3, 3.
2016-12-04 11:19:23 [Thread-4] DEBUG connectK.ConnectK - Player 2 [AverageAI]  says:
2016-12-04 11:19:28 [Thread-4] DEBUG connectK.ConnectK - Player 2 [AverageAI]  returns move 8, 6.
2016-12-04 11:19:28 [Thread-4] DEBUG connectK.ConnectK - Player 1 [LazyAI]  says:
2016-12-04 11:19:32 [Thread-4] DEBUG connectK.ConnectK - Player 1 [LazyAI]  returns move 5, 3.
2016-12-04 11:19:32 [Thread-4] DEBUG connectK.ConnectK - Player 2 [AverageAI]  says:
2016-12-04 11:19:37 [Thread-4] DEBUG connectK.ConnectK - Player 2 [AverageAI]  returns move 4, 6.
2016-12-04 11:19:37 [Thread-4] DEBUG connectK.ConnectK - Player 1 [LazyAI]  says:
2016-12-04 11:19:41 [Thread-4] DEBUG connectK.ConnectK - Player 1 [LazyAI]  returns move 4, 3.
2016-12-04 11:19:41 [Thread-4] DEBUG connectK.ConnectK - Player 2 [AverageAI]  says:
2016-12-04 11:19:46 [Thread-4] DEBUG connectK.ConnectK - Player 2 [AverageAI]  returns move 5, 6.
2016-12-04 11:19:46 [Thread-4] DEBUG connectK.ConnectK - Player 1 [LazyAI]  says:
2016-12-04 11:19:50 [Thread-4] DEBUG connectK.ConnectK - Player 1 [LazyAI]  returns move 3, 3.
2016-12-04 11:19:50 [Thread-4] DEBUG connectK.ConnectK - Player 2 [AverageAI]  says:
2016-12-04 11:19:55 [Thread-4] DEBUG connectK.ConnectK - Player 2 [AverageAI]  returns move 3, 6.
2016-12-04 11:19:55 [Thread-4] DEBUG connectK.ConnectK - Player 1 [LazyAI]  says:
2016-12-04 11:19:59 [Thread-4] DEBUG connectK.ConnectK - Player 1 [LazyAI]  returns move 5, 3.
2016-12-04 11:19:59 [Thread-4] DEBUG connectK.ConnectK - Player 2 [AverageAI]  says:
2016-12-04 11:20:04 [Thread-4] DEBUG connectK.ConnectK - Player 2 [AverageAI]  returns move 3, 6.
2016-12-04 11:20:04 [Thread-4] DEBUG connectK.ConnectK - Player 1 [LazyAI]  says:
2016-12-04 11:20:08 [Thread-4] DEBUG connectK.ConnectK - Player 1 [LazyAI]  returns move 5, 3.
2016-12-04 11:20:08 [Thread-4] DEBUG connectK.ConnectK - Player 2 [AverageAI]  says:
2016-12-04 11:20:13 [Thread-4] DEBUG connectK.ConnectK - Player 2 [AverageAI]  returns move 3, 6.
2016-12-04 11:20:13 [Thread-4] DEBUG connectK.ConnectK - Player 1 [LazyAI]  says:
2016-12-04 11:20:17 [Thread-4] DEBUG connectK.ConnectK - Player 1 [LazyAI]  returns move 1, 3.
2016-12-04 11:20:17 [Thread-4] DEBUG connectK.ConnectK - Player 2 [AverageAI]  says:
2016-12-04 11:20:22 [Thread-4] DEBUG connectK.ConnectK - Player 2 [AverageAI]  returns move 3, 6.
2016-12-04 11:20:22 [Thread-4] DEBUG connectK.ConnectK - Player 1 [LazyAI]  says:
2016-12-04 11:20:26 [Thread-4] DEBUG connectK.ConnectK - Player 1 [LazyAI]  returns move 3, 6.
2016-12-04 11:20:26 [Thread-4] DEBUG connectK.ConnectK - Player 2 [AverageAI]  says:
2016-12-04 11:20:31 [Thread-4] DEBUG connectK.ConnectK - Player 2 [AverageAI]  returns move 4, 6.
2016-12-04 11:20:31 [Thread-4] DEBUG connectK.ConnectK - Player 1 [LazyAI]  says:
2016-12-04 11:20:35 [Thread-4] DEBUG connectK.ConnectK - Player 1 [LazyAI]  returns move 5, 4.
2016-12-04 11:20:35 [Thread-4] DEBUG connectK.ConnectK - Player 2 [AverageAI]  says:
2016-12-04 11:20:40 [Thread-4] DEBUG connectK.ConnectK - Player 2 [AverageAI]  returns move 2, 6.
2016-12-04 11:20:40 [Thread-4] DEBUG connectK.ConnectK - Player 1 [LazyAI]  says:
2016-12-04 11:20:45 [Thread-4] DEBUG connectK.ConnectK - Player 1 [LazyAI]  returns move 5, 5.
2016-12-04 11:20:45 [Thread-4] DEBUG connectK.ConnectK - Player 2 [AverageAI]  says:
2016-12-04 11:20:49 [Thread-4] DEBUG connectK.ConnectK - Player 2 [AverageAI]  returns move 5, 6.
2016-12-04 11:20:49 [Thread-4] DEBUG connectK.ConnectK - Player 1 [LazyAI]  says:
2016-12-04 11:20:54 [Thread-4] DEBUG connectK.ConnectK - Player 1 [LazyAI]  returns move 1, 3.
2016-12-04 11:20:54 [Thread-4] DEBUG connectK.ConnectK - Player 2 [AverageAI]  says:
2016-12-04 11:20:59 [Thread-4] DEBUG connectK.ConnectK - Player 2 [AverageAI]  returns move 1, 6.
2016-12-04 11:20:59 [Thread-4] DEBUG connectK.ConnectK - Player 1 [LazyAI]  says:
2016-12-04 11:21:03 [Thread-4] DEBUG connectK.ConnectK - Player 1 [LazyAI]  returns move 4, 6.
2016-12-04 11:21:03 [Thread-4] DEBUG connectK.ConnectK - Player 2 [AverageAI]  says:
2016-12-04 11:21:08 [Thread-4] DEBUG connectK.ConnectK - Player 2 [AverageAI]  returns move 2, 6.
2016-12-04 11:21:08 [Thread-4] DEBUG connectK.ConnectK - Player 1 [LazyAI]  says:
2016-12-04 11:21:12 [Thread-4] DEBUG connectK.ConnectK - Player 1 [LazyAI]  returns move 2, 4.
2016-12-04 11:21:12 [Thread-4] DEBUG connectK.ConnectK - Player 2 [AverageAI]  says:
2016-12-04 11:21:17 [Thread-4] DEBUG connectK.ConnectK - Player 2 [AverageAI]  returns move 2, 6.
2016-12-04 11:21:17 [Thread-4] DEBUG connectK.ConnectK - Player 1 [LazyAI]  says:
2016-12-04 11:21:21 [Thread-4] DEBUG connectK.ConnectK - Player 1 [LazyAI]  returns move 4, 6.
2016-12-04 11:21:21 [Thread-4] DEBUG connectK.ConnectK - Player 2 [AverageAI]  says:
2016-12-04 11:21:26 [Thread-4] DEBUG connectK.ConnectK - Player 2 [AverageAI]  returns move 8, 6.
2016-12-04 11:21:26 [Thread-4] DEBUG connectK.ConnectK - Player 1 [LazyAI]  says:
2016-12-04 11:21:30 [Thread-4] DEBUG connectK.ConnectK - Player 1 [LazyAI]  returns move 0, 6.
2016-12-04 11:21:30 [Thread-4] DEBUG connectK.ConnectK - Player 2 [AverageAI]  says:
2016-12-04 11:21:35 [Thread-4] DEBUG connectK.ConnectK - Player 2 [AverageAI]  returns move 1, 6.
2016-12-04 11:21:35 [Thread-4] DEBUG connectK.ConnectK - Player 1 [LazyAI]  says:
2016-12-04 11:21:35 [Thread-4] DEBUG connectK.ConnectK - Player 1 [LazyAI]  returns move 0, 1.
2016-12-04 11:21:35 [Thread-4] DEBUG connectK.ConnectK - Player 1 [LazyAI]  (LazyAI) wins!
2016-12-04 11:23:23 [Thread-42] DEBUG connectK.ConnectK - Player 1 [AverageAI]  says:
2016-12-04 11:23:23 [Thread-42] DEBUG connectK.ConnectK - Player 1 [AverageAI]  returns move 4, 0.
2016-12-04 11:23:23 [Thread-42] DEBUG connectK.ConnectK - Player 2 [LazyAI]  says:
2016-12-04 11:23:27 [Thread-42] DEBUG connectK.ConnectK - Player 2 [LazyAI]  returns move 4, 3.
2016-12-04 11:23:28 [Thread-42] DEBUG connectK.ConnectK - Player 1 [AverageAI]  says:
2016-12-04 11:23:32 [Thread-42] DEBUG connectK.ConnectK - Player 1 [AverageAI]  returns move 5, 6.
2016-12-04 11:23:32 [Thread-42] DEBUG connectK.ConnectK - Player 2 [LazyAI]  says:
2016-12-04 11:23:37 [Thread-42] DEBUG connectK.ConnectK - Player 2 [LazyAI]  returns move 4, 3.
2016-12-04 11:23:37 [Thread-42] DEBUG connectK.ConnectK - Player 1 [AverageAI]  says:
2016-12-04 11:23:42 [Thread-42] DEBUG connectK.ConnectK - Player 1 [AverageAI]  returns move 3, 6.
2016-12-04 11:23:42 [Thread-42] DEBUG connectK.ConnectK - Player 2 [LazyAI]  says:
2016-12-04 11:23:46 [Thread-42] DEBUG connectK.ConnectK - Player 2 [LazyAI]  returns move 2, 3.
2016-12-04 11:23:46 [Thread-42] DEBUG connectK.ConnectK - Player 1 [AverageAI]  says:
2016-12-04 11:23:51 [Thread-42] DEBUG connectK.ConnectK - Player 1 [AverageAI]  returns move 7, 6.
2016-12-04 11:23:51 [Thread-42] DEBUG connectK.ConnectK - Player 2 [LazyAI]  says:
2016-12-04 11:23:55 [Thread-42] DEBUG connectK.ConnectK - Player 2 [LazyAI]  returns move 6, 3.
2016-12-04 11:23:55 [Thread-42] DEBUG connectK.ConnectK - Player 1 [AverageAI]  says:
2016-12-04 11:24:00 [Thread-42] DEBUG connectK.ConnectK - Player 1 [AverageAI]  returns move 4, 6.
2016-12-04 11:24:00 [Thread-42] DEBUG connectK.ConnectK - Player 2 [LazyAI]  says:
2016-12-04 11:24:04 [Thread-42] DEBUG connectK.ConnectK - Player 2 [LazyAI]  returns move 3, 3.
2016-12-04 11:24:04 [Thread-42] DEBUG connectK.ConnectK - Player 1 [AverageAI]  says:
2016-12-04 11:24:09 [Thread-42] DEBUG connectK.ConnectK - Player 1 [AverageAI]  returns move 6, 6.
2016-12-04 11:24:09 [Thread-42] DEBUG connectK.ConnectK - Player 2 [LazyAI]  says:
2016-12-04 11:24:13 [Thread-42] DEBUG connectK.ConnectK - Player 2 [LazyAI]  returns move 5, 3.
2016-12-04 11:24:13 [Thread-42] DEBUG connectK.ConnectK - Player 1 [AverageAI]  says:
2016-12-04 11:24:18 [Thread-42] DEBUG connectK.ConnectK - Player 1 [AverageAI]  returns move 5, 6.
2016-12-04 11:24:18 [Thread-42] DEBUG connectK.ConnectK - Player 2 [LazyAI]  says:
2016-12-04 11:24:22 [Thread-42] DEBUG connectK.ConnectK - Player 2 [LazyAI]  returns move 5, 3.
2016-12-04 11:24:22 [Thread-42] DEBUG connectK.ConnectK - Player 1 [AverageAI]  says:
2016-12-04 11:24:27 [Thread-42] DEBUG connectK.ConnectK - Player 1 [AverageAI]  returns move 5, 6.
2016-12-04 11:24:27 [Thread-42] DEBUG connectK.ConnectK - Player 2 [LazyAI]  says:
2016-12-04 11:24:31 [Thread-42] DEBUG connectK.ConnectK - Player 2 [LazyAI]  returns move 5, 5.
2016-12-04 11:24:31 [Thread-42] DEBUG connectK.ConnectK - Player 1 [AverageAI]  says:
2016-12-04 11:24:36 [Thread-42] DEBUG connectK.ConnectK - Player 1 [AverageAI]  returns move 3, 6.
2016-12-04 11:24:36 [Thread-42] DEBUG connectK.ConnectK - Player 2 [LazyAI]  says:
2016-12-04 11:24:40 [Thread-42] DEBUG connectK.ConnectK - Player 2 [LazyAI]  returns move 8, 3.
2016-12-04 11:24:40 [Thread-42] DEBUG connectK.ConnectK - Player 1 [AverageAI]  says:
2016-12-04 11:24:45 [Thread-42] DEBUG connectK.ConnectK - Player 1 [AverageAI]  returns move 3, 6.
2016-12-04 11:24:45 [Thread-42] DEBUG connectK.ConnectK - Player 2 [LazyAI]  says:
2016-12-04 11:24:49 [Thread-42] DEBUG connectK.ConnectK - Player 2 [LazyAI]  returns move 3, 4.
2016-12-04 11:24:49 [Thread-42] DEBUG connectK.ConnectK - Player 1 [AverageAI]  says:
2016-12-04 11:24:54 [Thread-42] DEBUG connectK.ConnectK - Player 1 [AverageAI]  returns move 2, 6.
2016-12-04 11:24:54 [Thread-42] DEBUG connectK.ConnectK - Player 2 [LazyAI]  says:
2016-12-04 11:24:59 [Thread-42] DEBUG connectK.ConnectK - Player 2 [LazyAI]  returns move 1, 3.
2016-12-04 11:24:59 [Thread-42] DEBUG connectK.ConnectK - Player 1 [AverageAI]  says:
2016-12-04 11:25:04 [Thread-42] DEBUG connectK.ConnectK - Player 1 [AverageAI]  returns move 7, 6.
2016-12-04 11:25:04 [Thread-42] DEBUG connectK.ConnectK - Player 2 [LazyAI]  says:
2016-12-04 11:25:08 [Thread-42] DEBUG connectK.ConnectK - Player 2 [LazyAI]  returns move 3, 5.
2016-12-04 11:25:08 [Thread-42] DEBUG connectK.ConnectK - Player 1 [AverageAI]  says:
2016-12-04 11:25:13 [Thread-42] DEBUG connectK.ConnectK - Player 1 [AverageAI]  returns move 4, 6.
2016-12-04 11:25:13 [Thread-42] DEBUG connectK.ConnectK - Player 2 [LazyAI]  says:
2016-12-04 11:25:17 [Thread-42] DEBUG connectK.ConnectK - Player 2 [LazyAI]  returns move 5, 6.
2016-12-04 11:25:17 [Thread-42] DEBUG connectK.ConnectK - Player 1 [AverageAI]  says:
2016-12-04 11:25:22 [Thread-42] DEBUG connectK.ConnectK - Player 1 [AverageAI]  returns move 4, 6.
2016-12-04 11:25:22 [Thread-42] DEBUG connectK.ConnectK - Player 2 [LazyAI]  says:
2016-12-04 11:25:26 [Thread-42] DEBUG connectK.ConnectK - Player 2 [LazyAI]  returns move 4, 6.
2016-12-04 11:25:26 [Thread-42] DEBUG connectK.ConnectK - Player 1 [AverageAI]  says:
2016-12-04 11:25:31 [Thread-42] DEBUG connectK.ConnectK - Player 1 [AverageAI]  returns move 7, 6.
2016-12-04 11:25:31 [Thread-42] DEBUG connectK.ConnectK - Player 2 [LazyAI]  says:
2016-12-04 11:25:35 [Thread-42] DEBUG connectK.ConnectK - Player 2 [LazyAI]  returns move 7, 3.
2016-12-04 11:25:35 [Thread-42] DEBUG connectK.ConnectK - Player 1 [AverageAI]  says:
2016-12-04 11:25:40 [Thread-42] DEBUG connectK.ConnectK - Player 1 [AverageAI]  returns move 3, 6.
2016-12-04 11:25:40 [Thread-42] DEBUG connectK.ConnectK - Player 2 [LazyAI]  says:
2016-12-04 11:25:44 [Thread-42] DEBUG connectK.ConnectK - Player 2 [LazyAI]  returns move 2, 3.
2016-12-04 11:25:44 [Thread-42] DEBUG connectK.ConnectK - Player 1 [AverageAI]  says:
2016-12-04 11:25:49 [Thread-42] DEBUG connectK.ConnectK - Player 1 [AverageAI]  returns move 2, 6.
2016-12-04 11:25:49 [Thread-42] DEBUG connectK.ConnectK - Player 2 [LazyAI]  says:
2016-12-04 11:25:53 [Thread-42] DEBUG connectK.ConnectK - Player 2 [LazyAI]  returns move 6, 3.
2016-12-04 11:25:53 [Thread-42] DEBUG connectK.ConnectK - Player 1 [AverageAI]  says:
2016-12-04 11:25:58 [Thread-42] DEBUG connectK.ConnectK - Player 1 [AverageAI]  returns move 6, 6.
2016-12-04 11:25:58 [Thread-42] DEBUG connectK.ConnectK - Player 1 [AverageAI]  (AverageAI) wins!
2016-12-04 11:28:43 [Thread-78] DEBUG connectK.ConnectK - Player 1 [LazyAI]  says:
2016-12-04 11:28:47 [Thread-78] DEBUG connectK.ConnectK - Player 1 [LazyAI]  returns move 2, 3.
2016-12-04 11:28:47 [Thread-78] DEBUG connectK.ConnectK - Player 2 [GoodAI]  says:
2016-12-04 11:28:52 [Thread-78] DEBUG connectK.ConnectK - Player 2 [GoodAI]  returns move 4, 0.
2016-12-04 11:28:52 [Thread-78] DEBUG connectK.ConnectK - Player 1 [LazyAI]  says:
2016-12-04 11:28:56 [Thread-78] DEBUG connectK.ConnectK - Player 1 [LazyAI]  returns move 2, 3.
2016-12-04 11:28:56 [Thread-78] DEBUG connectK.ConnectK - Player 2 [GoodAI]  says:
2016-12-04 11:29:01 [Thread-78] DEBUG connectK.ConnectK - Player 2 [GoodAI]  returns move 2, 2.
2016-12-04 11:29:01 [Thread-78] DEBUG connectK.ConnectK - Player 1 [LazyAI]  says:
2016-12-04 11:29:05 [Thread-78] DEBUG connectK.ConnectK - Player 1 [LazyAI]  returns move 4, 3.
2016-12-04 11:29:05 [Thread-78] DEBUG connectK.ConnectK - Player 2 [GoodAI]  says:
2016-12-04 11:29:10 [Thread-78] DEBUG connectK.ConnectK - Player 2 [GoodAI]  returns move 4, 2.
2016-12-04 11:29:10 [Thread-78] DEBUG connectK.ConnectK - Player 1 [LazyAI]  says:
2016-12-04 11:29:14 [Thread-78] DEBUG connectK.ConnectK - Player 1 [LazyAI]  returns move 4, 3.
2016-12-04 11:29:14 [Thread-78] DEBUG connectK.ConnectK - Player 2 [GoodAI]  says:
2016-12-04 11:29:19 [Thread-78] DEBUG connectK.ConnectK - Player 2 [GoodAI]  returns move 4, 4.
2016-12-04 11:29:19 [Thread-78] DEBUG connectK.ConnectK - Player 1 [LazyAI]  says:
2016-12-04 11:29:23 [Thread-78] DEBUG connectK.ConnectK - Player 1 [LazyAI]  returns move 1, 3.
2016-12-04 11:29:23 [Thread-78] DEBUG connectK.ConnectK - Player 2 [GoodAI]  says:
2016-12-04 11:29:28 [Thread-78] DEBUG connectK.ConnectK - Player 2 [GoodAI]  returns move 1, 1.
2016-12-04 11:29:28 [Thread-78] DEBUG connectK.ConnectK - Player 1 [LazyAI]  says:
2016-12-04 11:29:32 [Thread-78] DEBUG connectK.ConnectK - Player 1 [LazyAI]  returns move 4, 5.
2016-12-04 11:29:32 [Thread-78] DEBUG connectK.ConnectK - Player 2 [GoodAI]  says:
2016-12-04 11:29:37 [Thread-78] DEBUG connectK.ConnectK - Player 2 [GoodAI]  returns move 0, 0.
2016-12-04 11:29:37 [Thread-78] DEBUG connectK.ConnectK - Player 1 [LazyAI]  says:
2016-12-04 11:29:41 [Thread-78] DEBUG connectK.ConnectK - Player 1 [LazyAI]  returns move 4, 6.
2016-12-04 11:29:41 [Thread-78] DEBUG connectK.ConnectK - Player 2 [GoodAI]  says:
2016-12-04 11:29:46 [Thread-78] DEBUG connectK.ConnectK - Player 2 [GoodAI]  returns move 1, 2.
2016-12-04 11:29:46 [Thread-78] DEBUG connectK.ConnectK - Player 1 [LazyAI]  says:
2016-12-04 11:29:50 [Thread-78] DEBUG connectK.ConnectK - Player 1 [LazyAI]  returns move 3, 3.
2016-12-04 11:29:50 [Thread-78] DEBUG connectK.ConnectK - Player 2 [GoodAI]  says:
2016-12-04 11:29:55 [Thread-78] DEBUG connectK.ConnectK - Player 2 [GoodAI]  returns move 1, 3.
2016-12-04 11:29:55 [Thread-78] DEBUG connectK.ConnectK - Player 1 [LazyAI]  says:
2016-12-04 11:29:59 [Thread-78] DEBUG connectK.ConnectK - Player 1 [LazyAI]  returns move 1, 4.
2016-12-04 11:29:59 [Thread-78] DEBUG connectK.ConnectK - Player 2 [GoodAI]  says:
2016-12-04 11:30:04 [Thread-78] DEBUG connectK.ConnectK - Player 2 [GoodAI]  returns move 3, 1.
2016-12-04 11:30:04 [Thread-78] DEBUG connectK.ConnectK - Player 1 [LazyAI]  says:
2016-12-04 11:30:08 [Thread-78] DEBUG connectK.ConnectK - Player 1 [LazyAI]  returns move 7, 3.
2016-12-04 11:30:08 [Thread-78] DEBUG connectK.ConnectK - Player 2 [GoodAI]  says:
2016-12-04 11:30:13 [Thread-78] DEBUG connectK.ConnectK - Player 2 [GoodAI]  returns move 3, 2.
2016-12-04 11:30:13 [Thread-78] DEBUG connectK.ConnectK - Player 1 [LazyAI]  says:
2016-12-04 11:30:17 [Thread-78] DEBUG connectK.ConnectK - Player 1 [LazyAI]  returns move 3, 6.
2016-12-04 11:30:17 [Thread-78] DEBUG connectK.ConnectK - Player 2 [GoodAI]  says:
2016-12-04 11:30:22 [Thread-78] DEBUG connectK.ConnectK - Player 2 [GoodAI]  returns move 3, 4.
2016-12-04 11:30:22 [Thread-78] DEBUG connectK.ConnectK - Player 1 [LazyAI]  says:
2016-12-04 11:30:26 [Thread-78] DEBUG connectK.ConnectK - Player 1 [LazyAI]  returns move 1, 6.
2016-12-04 11:30:26 [Thread-78] DEBUG connectK.ConnectK - Player 2 [GoodAI]  says:
2016-12-04 11:30:31 [Thread-78] DEBUG connectK.ConnectK - Player 2 [GoodAI]  returns move 3, 5.
2016-12-04 11:30:31 [Thread-78] DEBUG connectK.ConnectK - Player 1 [LazyAI]  says:
2016-12-04 11:30:35 [Thread-78] DEBUG connectK.ConnectK - Player 1 [LazyAI]  returns move 1, 6.
2016-12-04 11:30:35 [Thread-78] DEBUG connectK.ConnectK - Player 2 [GoodAI]  says:
2016-12-04 11:30:40 [Thread-78] DEBUG connectK.ConnectK - Player 2 [GoodAI]  returns move 3, 6.
2016-12-04 11:30:40 [Thread-78] DEBUG connectK.ConnectK - Player 1 [LazyAI]  says:
2016-12-04 11:30:44 [Thread-78] DEBUG connectK.ConnectK - Player 1 [LazyAI]  returns move 7, 3.
2016-12-04 11:30:44 [Thread-78] DEBUG connectK.ConnectK - Player 2 [GoodAI]  says:
2016-12-04 11:30:49 [Thread-78] DEBUG connectK.ConnectK - Player 2 [GoodAI]  returns move 7, 2.
2016-12-04 11:30:49 [Thread-78] DEBUG connectK.ConnectK - Player 1 [LazyAI]  says:
2016-12-04 11:30:53 [Thread-78] DEBUG connectK.ConnectK - Player 1 [LazyAI]  returns move 2, 6.
2016-12-04 11:30:53 [Thread-78] DEBUG connectK.ConnectK - Player 2 [GoodAI]  says:
2016-12-04 11:30:58 [Thread-78] DEBUG connectK.ConnectK - Player 2 [GoodAI]  returns move 7, 3.
2016-12-04 11:30:58 [Thread-78] DEBUG connectK.ConnectK - Player 1 [LazyAI]  says:
2016-12-04 11:31:02 [Thread-78] DEBUG connectK.ConnectK - Player 1 [LazyAI]  returns move 2, 6.
2016-12-04 11:31:02 [Thread-78] DEBUG connectK.ConnectK - Player 2 [GoodAI]  says:
2016-12-04 11:31:07 [Thread-78] DEBUG connectK.ConnectK - Player 2 [GoodAI]  returns move 7, 4.
2016-12-04 11:31:07 [Thread-78] DEBUG connectK.ConnectK - Player 1 [LazyAI]  says:
2016-12-04 11:31:11 [Thread-78] DEBUG connectK.ConnectK - Player 1 [LazyAI]  returns move 2, 6.
2016-12-04 11:31:11 [Thread-78] DEBUG connectK.ConnectK - Player 2 [GoodAI]  says:
2016-12-04 11:31:16 [Thread-78] DEBUG connectK.ConnectK - Player 2 [GoodAI]  returns move 7, 5.
2016-12-04 11:31:16 [Thread-78] DEBUG connectK.ConnectK - Player 1 [LazyAI]  says:
2016-12-04 11:31:20 [Thread-78] DEBUG connectK.ConnectK - Player 1 [LazyAI]  returns move 7, 6.
2016-12-04 11:31:20 [Thread-78] DEBUG connectK.ConnectK - Player 2 [GoodAI]  says:
2016-12-04 11:31:25 [Thread-78] DEBUG connectK.ConnectK - Player 2 [GoodAI]  returns move 2, 6.
2016-12-04 11:31:25 [Thread-78] DEBUG connectK.ConnectK - Player 1 [LazyAI]  says:
2016-12-04 11:31:29 [Thread-78] DEBUG connectK.ConnectK - Player 1 [LazyAI]  returns move 5, 6.
2016-12-04 11:31:29 [Thread-78] DEBUG connectK.ConnectK - Player 2 [GoodAI]  says:
2016-12-04 11:31:34 [Thread-78] DEBUG connectK.ConnectK - Player 2 [GoodAI]  returns move 5, 1.
2016-12-04 11:31:34 [Thread-78] DEBUG connectK.ConnectK - Player 1 [LazyAI]  says:
2016-12-04 11:31:38 [Thread-78] DEBUG connectK.ConnectK - Player 1 [LazyAI]  returns move 5, 6.
2016-12-04 11:31:38 [Thread-78] DEBUG connectK.ConnectK - Player 2 [GoodAI]  says:
2016-12-04 11:31:43 [Thread-78] DEBUG connectK.ConnectK - Player 2 [GoodAI]  returns move 5, 3.
2016-12-04 11:31:43 [Thread-78] DEBUG connectK.ConnectK - Player 1 [LazyAI]  says:
2016-12-04 11:31:47 [Thread-78] DEBUG connectK.ConnectK - Player 1 [LazyAI]  returns move 5, 4.
2016-12-04 11:31:47 [Thread-78] DEBUG connectK.ConnectK - Player 2 [GoodAI]  says:
2016-12-04 11:31:52 [Thread-78] DEBUG connectK.ConnectK - Player 2 [GoodAI]  returns move 0, 1.
2016-12-04 11:31:52 [Thread-78] DEBUG connectK.ConnectK - Player 1 [LazyAI]  says:
2016-12-04 11:31:56 [Thread-78] DEBUG connectK.ConnectK - Player 1 [LazyAI]  returns move 0, 6.
2016-12-04 11:31:56 [Thread-78] DEBUG connectK.ConnectK - Player 2 [GoodAI]  says:
2016-12-04 11:32:01 [Thread-78] DEBUG connectK.ConnectK - Player 2 [GoodAI]  returns move 0, 3.
2016-12-04 11:32:01 [Thread-78] DEBUG connectK.ConnectK - Player 1 [LazyAI]  says:
2016-12-04 11:32:05 [Thread-78] DEBUG connectK.ConnectK - Player 1 [LazyAI]  returns move 0, 4.
2016-12-04 11:32:05 [Thread-78] DEBUG connectK.ConnectK - Player 2 [GoodAI]  says:
2016-12-04 11:32:10 [Thread-78] DEBUG connectK.ConnectK - Player 2 [GoodAI]  returns move 6, 0.
2016-12-04 11:32:10 [Thread-78] DEBUG connectK.ConnectK - Player 1 [LazyAI]  says:
2016-12-04 11:32:14 [Thread-78] DEBUG connectK.ConnectK - Player 1 [LazyAI]  returns move 0, 6.
2016-12-04 11:32:14 [Thread-78] DEBUG connectK.ConnectK - Player 2 [GoodAI]  says:
2016-12-04 11:32:19 [Thread-78] DEBUG connectK.ConnectK - Player 2 [GoodAI]  returns move 6, 1.
2016-12-04 11:32:19 [Thread-78] DEBUG connectK.ConnectK - Player 1 [LazyAI]  says:
2016-12-04 11:32:23 [Thread-78] DEBUG connectK.ConnectK - Player 1 [LazyAI]  returns move 6, 6.
2016-12-04 11:32:23 [Thread-78] DEBUG connectK.ConnectK - Player 2 [GoodAI]  says:
2016-12-04 11:32:28 [Thread-78] DEBUG connectK.ConnectK - Player 2 [GoodAI]  returns move 6, 3.
2016-12-04 11:32:28 [Thread-78] DEBUG connectK.ConnectK - Player 1 [LazyAI]  says:
2016-12-04 11:32:32 [Thread-78] DEBUG connectK.ConnectK - Player 1 [LazyAI]  returns move 6, 4.
2016-12-04 11:32:32 [Thread-78] DEBUG connectK.ConnectK - Player 2 [GoodAI]  says:
2016-12-04 11:32:37 [Thread-78] DEBUG connectK.ConnectK - Player 2 [GoodAI]  returns move 8, 0.
2016-12-04 11:32:37 [Thread-78] DEBUG connectK.ConnectK - Player 1 [LazyAI]  says:
2016-12-04 11:32:37 [Thread-78] DEBUG connectK.ConnectK - Player 1 [LazyAI]  returns move 0, 6.
2016-12-04 11:32:37 [Thread-78] DEBUG connectK.ConnectK - Player 2 [GoodAI]  says:
2016-12-04 11:32:42 [Thread-78] DEBUG connectK.ConnectK - Player 2 [GoodAI]  returns move 8, 1.
2016-12-04 11:32:42 [Thread-78] DEBUG connectK.ConnectK - Player 1 [LazyAI]  says:
2016-12-04 11:32:42 [Thread-78] DEBUG connectK.ConnectK - Player 1 [LazyAI]  returns move 8, 2.
2016-12-04 11:32:42 [Thread-78] DEBUG connectK.ConnectK - Player 2 [GoodAI]  says:
2016-12-04 11:32:47 [Thread-78] DEBUG connectK.ConnectK - Player 2 [GoodAI]  returns move 8, 3.
2016-12-04 11:32:47 [Thread-78] DEBUG connectK.ConnectK - Player 1 [LazyAI]  says:
2016-12-04 11:32:47 [Thread-78] DEBUG connectK.ConnectK - Player 1 [LazyAI]  returns move 8, 4.
2016-12-04 11:32:47 [Thread-78] DEBUG connectK.ConnectK - Player 2 [GoodAI]  says:
2016-12-04 11:32:52 [Thread-78] DEBUG connectK.ConnectK - Player 2 [GoodAI]  returns move 5, 5.
2016-12-04 11:32:52 [Thread-78] DEBUG connectK.ConnectK - Player 1 [LazyAI]  says:
2016-12-04 11:32:52 [Thread-78] DEBUG connectK.ConnectK - Player 1 [LazyAI]  returns move 5, 6.
2016-12-04 11:32:52 [Thread-78] DEBUG connectK.ConnectK - Player 2 [GoodAI]  says:
2016-12-04 11:32:56 [Thread-78] DEBUG connectK.ConnectK - Player 2 [GoodAI]  returns move 6, 5.
2016-12-04 11:32:56 [Thread-78] DEBUG connectK.ConnectK - Player 1 [LazyAI]  says:
2016-12-04 11:32:56 [Thread-78] DEBUG connectK.ConnectK - Player 1 [LazyAI]  returns move 6, 6.
2016-12-04 11:32:56 [Thread-78] DEBUG connectK.ConnectK - Player 2 [GoodAI]  says:
2016-12-04 11:33:01 [Thread-78] DEBUG connectK.ConnectK - Player 2 [GoodAI]  returns move 8, 5.
2016-12-04 11:33:01 [Thread-78] DEBUG connectK.ConnectK - Player 1 [LazyAI]  says:
2016-12-04 11:33:01 [Thread-78] DEBUG connectK.ConnectK - Player 1 [LazyAI]  returns move 8, 6.
2016-12-04 11:33:01 [Thread-78] DEBUG connectK.ConnectK - Player 1 [LazyAI]  (LazyAI) wins!
2016-12-04 12:01:15 [Thread-142] DEBUG connectK.ConnectK - Player 1 [GoodAI]  says:
2016-12-04 12:01:20 [Thread-142] DEBUG connectK.ConnectK - Player 1 [GoodAI]  returns move 4, 0.
2016-12-04 12:01:20 [Thread-142] DEBUG connectK.ConnectK - Player 2 [LazyAI]  says:
2016-12-04 12:01:24 [Thread-142] DEBUG connectK.ConnectK - Player 2 [LazyAI]  returns move 4, 3.
2016-12-04 12:01:24 [Thread-142] DEBUG connectK.ConnectK - Player 1 [GoodAI]  says:
2016-12-04 12:01:29 [Thread-142] DEBUG connectK.ConnectK - Player 1 [GoodAI]  returns move 4, 2.
2016-12-04 12:01:29 [Thread-142] DEBUG connectK.ConnectK - Player 2 [LazyAI]  says:
2016-12-04 12:01:33 [Thread-142] DEBUG connectK.ConnectK - Player 2 [LazyAI]  returns move 4, 3.
2016-12-04 12:01:33 [Thread-142] DEBUG connectK.ConnectK - Player 1 [GoodAI]  says:
2016-12-04 12:01:38 [Thread-142] DEBUG connectK.ConnectK - Player 1 [GoodAI]  returns move 4, 4.
2016-12-04 12:01:38 [Thread-142] DEBUG connectK.ConnectK - Player 2 [LazyAI]  says:
2016-12-04 12:01:42 [Thread-142] DEBUG connectK.ConnectK - Player 2 [LazyAI]  returns move 4, 5.
2016-12-04 12:01:42 [Thread-142] DEBUG connectK.ConnectK - Player 1 [GoodAI]  says:
2016-12-04 12:01:47 [Thread-142] DEBUG connectK.ConnectK - Player 1 [GoodAI]  returns move 3, 0.
2016-12-04 12:01:47 [Thread-142] DEBUG connectK.ConnectK - Player 2 [LazyAI]  says:
2016-12-04 12:01:51 [Thread-142] DEBUG connectK.ConnectK - Player 2 [LazyAI]  returns move 3, 3.
2016-12-04 12:01:51 [Thread-142] DEBUG connectK.ConnectK - Player 1 [GoodAI]  says:
2016-12-04 12:01:56 [Thread-142] DEBUG connectK.ConnectK - Player 1 [GoodAI]  returns move 5, 0.
2016-12-04 12:01:56 [Thread-142] DEBUG connectK.ConnectK - Player 2 [LazyAI]  says:
2016-12-04 12:02:00 [Thread-142] DEBUG connectK.ConnectK - Player 2 [LazyAI]  returns move 2, 3.
2016-12-04 12:02:00 [Thread-142] DEBUG connectK.ConnectK - Player 1 [GoodAI]  says:
2016-12-04 12:02:05 [Thread-142] DEBUG connectK.ConnectK - Player 1 [GoodAI]  returns move 5, 1.
2016-12-04 12:02:05 [Thread-142] DEBUG connectK.ConnectK - Player 2 [LazyAI]  says:
2016-12-04 12:02:09 [Thread-142] DEBUG connectK.ConnectK - Player 2 [LazyAI]  returns move 4, 6.
2016-12-04 12:02:09 [Thread-142] DEBUG connectK.ConnectK - Player 1 [GoodAI]  says:
2016-12-04 12:02:14 [Thread-142] DEBUG connectK.ConnectK - Player 1 [GoodAI]  returns move 5, 2.
2016-12-04 12:02:14 [Thread-142] DEBUG connectK.ConnectK - Player 2 [LazyAI]  says:
2016-12-04 12:02:18 [Thread-142] DEBUG connectK.ConnectK - Player 2 [LazyAI]  returns move 3, 3.
2016-12-04 12:02:18 [Thread-142] DEBUG connectK.ConnectK - Player 1 [GoodAI]  says:
2016-12-04 12:02:23 [Thread-142] DEBUG connectK.ConnectK - Player 1 [GoodAI]  returns move 5, 3.
2016-12-04 12:02:23 [Thread-142] DEBUG connectK.ConnectK - Player 2 [LazyAI]  says:
2016-12-04 12:02:27 [Thread-142] DEBUG connectK.ConnectK - Player 2 [LazyAI]  returns move 5, 4.
2016-12-04 12:02:27 [Thread-142] DEBUG connectK.ConnectK - Player 1 [GoodAI]  says:
2016-12-04 12:02:32 [Thread-142] DEBUG connectK.ConnectK - Player 1 [GoodAI]  returns move 2, 1.
2016-12-04 12:02:32 [Thread-142] DEBUG connectK.ConnectK - Player 2 [LazyAI]  says:
2016-12-04 12:02:36 [Thread-142] DEBUG connectK.ConnectK - Player 2 [LazyAI]  returns move 6, 3.
2016-12-04 12:02:36 [Thread-142] DEBUG connectK.ConnectK - Player 1 [GoodAI]  says:
2016-12-04 12:02:41 [Thread-142] DEBUG connectK.ConnectK - Player 1 [GoodAI]  returns move 3, 3.
2016-12-04 12:02:41 [Thread-142] DEBUG connectK.ConnectK - Player 2 [LazyAI]  says:
2016-12-04 12:02:45 [Thread-142] DEBUG connectK.ConnectK - Player 2 [LazyAI]  returns move 3, 4.
2016-12-04 12:02:45 [Thread-142] DEBUG connectK.ConnectK - Player 1 [GoodAI]  says:
2016-12-04 12:02:50 [Thread-142] DEBUG connectK.ConnectK - Player 1 [GoodAI]  returns move 3, 5.
2016-12-04 12:02:50 [Thread-142] DEBUG connectK.ConnectK - Player 2 [LazyAI]  says:
2016-12-04 12:02:54 [Thread-142] DEBUG connectK.ConnectK - Player 2 [LazyAI]  returns move 2, 3.
2016-12-04 12:02:54 [Thread-142] DEBUG connectK.ConnectK - Player 1 [GoodAI]  says:
2016-12-04 12:02:59 [Thread-142] DEBUG connectK.ConnectK - Player 1 [GoodAI]  returns move 2, 3.
2016-12-04 12:02:59 [Thread-142] DEBUG connectK.ConnectK - Player 2 [LazyAI]  says:
2016-12-04 12:03:03 [Thread-142] DEBUG connectK.ConnectK - Player 2 [LazyAI]  returns move 0, 6.
2016-12-04 12:03:03 [Thread-142] DEBUG connectK.ConnectK - Player 1 [GoodAI]  says:
2016-12-04 12:03:08 [Thread-142] DEBUG connectK.ConnectK - Player 1 [GoodAI]  returns move 2, 4.
2016-12-04 12:03:08 [Thread-142] DEBUG connectK.ConnectK - Player 2 [LazyAI]  says:
2016-12-04 12:03:12 [Thread-142] DEBUG connectK.ConnectK - Player 2 [LazyAI]  returns move 0, 6.
2016-12-04 12:03:12 [Thread-142] DEBUG connectK.ConnectK - Player 1 [GoodAI]  says:
2016-12-04 12:03:17 [Thread-142] DEBUG connectK.ConnectK - Player 1 [GoodAI]  returns move 8, 0.
2016-12-04 12:03:17 [Thread-142] DEBUG connectK.ConnectK - Player 2 [LazyAI]  says:
2016-12-04 12:03:21 [Thread-142] DEBUG connectK.ConnectK - Player 2 [LazyAI]  returns move 0, 6.
2016-12-04 12:03:21 [Thread-142] DEBUG connectK.ConnectK - Player 1 [GoodAI]  says:
2016-12-04 12:03:26 [Thread-142] DEBUG connectK.ConnectK - Player 1 [GoodAI]  returns move 0, 3.
2016-12-04 12:03:26 [Thread-142] DEBUG connectK.ConnectK - Player 2 [LazyAI]  says:
2016-12-04 12:03:30 [Thread-142] DEBUG connectK.ConnectK - Player 2 [LazyAI]  returns move 0, 6.
2016-12-04 12:03:30 [Thread-142] DEBUG connectK.ConnectK - Player 1 [GoodAI]  says:
2016-12-04 12:03:35 [Thread-142] DEBUG connectK.ConnectK - Player 1 [GoodAI]  returns move 3, 6.
2016-12-04 12:03:35 [Thread-142] DEBUG connectK.ConnectK - Player 2 [LazyAI]  says:
2016-12-04 12:03:39 [Thread-142] DEBUG connectK.ConnectK - Player 2 [LazyAI]  returns move 0, 6.
2016-12-04 12:03:39 [Thread-142] DEBUG connectK.ConnectK - Player 1 [GoodAI]  says:
2016-12-04 12:03:44 [Thread-142] DEBUG connectK.ConnectK - Player 1 [GoodAI]  returns move 0, 6.
2016-12-04 12:03:44 [Thread-142] DEBUG connectK.ConnectK - Player 2 [LazyAI]  says:
2016-12-04 12:03:48 [Thread-142] DEBUG connectK.ConnectK - Player 2 [LazyAI]  returns move 1, 6.
2016-12-04 12:03:48 [Thread-142] DEBUG connectK.ConnectK - Player 1 [GoodAI]  says:
2016-12-04 12:03:53 [Thread-142] DEBUG connectK.ConnectK - Player 1 [GoodAI]  returns move 8, 1.
2016-12-04 12:03:53 [Thread-142] DEBUG connectK.ConnectK - Player 2 [LazyAI]  says:
2016-12-04 12:03:57 [Thread-142] DEBUG connectK.ConnectK - Player 2 [LazyAI]  returns move 1, 6.
2016-12-04 12:03:57 [Thread-142] DEBUG connectK.ConnectK - Player 1 [GoodAI]  says:
2016-12-04 12:04:02 [Thread-142] DEBUG connectK.ConnectK - Player 1 [GoodAI]  returns move 8, 2.
2016-12-04 12:04:02 [Thread-142] DEBUG connectK.ConnectK - Player 2 [LazyAI]  says:
2016-12-04 12:04:06 [Thread-142] DEBUG connectK.ConnectK - Player 2 [LazyAI]  returns move 5, 5.
2016-12-04 12:04:06 [Thread-142] DEBUG connectK.ConnectK - Player 1 [GoodAI]  says:
2016-12-04 12:04:11 [Thread-142] DEBUG connectK.ConnectK - Player 1 [GoodAI]  returns move 8, 3.
2016-12-04 12:04:11 [Thread-142] DEBUG connectK.ConnectK - Player 2 [LazyAI]  says:
2016-12-04 12:04:15 [Thread-142] DEBUG connectK.ConnectK - Player 2 [LazyAI]  returns move 8, 4.
2016-12-04 12:04:15 [Thread-142] DEBUG connectK.ConnectK - Player 1 [GoodAI]  says:
2016-12-04 12:04:20 [Thread-142] DEBUG connectK.ConnectK - Player 1 [GoodAI]  returns move 1, 2.
2016-12-04 12:04:20 [Thread-142] DEBUG connectK.ConnectK - Player 2 [LazyAI]  says:
2016-12-04 12:04:24 [Thread-142] DEBUG connectK.ConnectK - Player 2 [LazyAI]  returns move 1, 6.
2016-12-04 12:04:24 [Thread-142] DEBUG connectK.ConnectK - Player 1 [GoodAI]  says:
2016-12-04 12:04:29 [Thread-142] DEBUG connectK.ConnectK - Player 1 [GoodAI]  returns move 8, 5.
2016-12-04 12:04:29 [Thread-142] DEBUG connectK.ConnectK - Player 2 [LazyAI]  says:
2016-12-04 12:04:33 [Thread-142] DEBUG connectK.ConnectK - Player 2 [LazyAI]  returns move 2, 6.
2016-12-04 12:04:33 [Thread-142] DEBUG connectK.ConnectK - Player 1 [GoodAI]  says:
2016-12-04 12:04:38 [Thread-142] DEBUG connectK.ConnectK - Player 1 [GoodAI]  returns move 2, 6.
2016-12-04 12:04:38 [Thread-142] DEBUG connectK.ConnectK - Player 2 [LazyAI]  says:
2016-12-04 12:04:42 [Thread-142] DEBUG connectK.ConnectK - Player 2 [LazyAI]  returns move 5, 6.
2016-12-04 12:04:42 [Thread-142] DEBUG connectK.ConnectK - Player 1 [GoodAI]  says:
2016-12-04 12:04:47 [Thread-142] DEBUG connectK.ConnectK - Player 1 [GoodAI]  returns move 8, 6.
2016-12-04 12:04:47 [Thread-142] DEBUG connectK.ConnectK - Player 2 [LazyAI]  says:
2016-12-04 12:04:51 [Thread-142] DEBUG connectK.ConnectK - Player 2 [LazyAI]  returns move 7, 6.
2016-12-04 12:04:51 [Thread-142] DEBUG connectK.ConnectK - Player 1 [GoodAI]  says:
2016-12-04 12:04:56 [Thread-142] DEBUG connectK.ConnectK - Player 1 [GoodAI]  returns move 7, 1.
2016-12-04 12:04:56 [Thread-142] DEBUG connectK.ConnectK - Player 2 [LazyAI]  says:
2016-12-04 12:05:00 [Thread-142] DEBUG connectK.ConnectK - Player 2 [LazyAI]  returns move 7, 2.
2016-12-04 12:05:00 [Thread-142] DEBUG connectK.ConnectK - Player 1 [GoodAI]  says:
2016-12-04 12:05:05 [Thread-142] DEBUG connectK.ConnectK - Player 1 [GoodAI]  returns move 6, 1.
2016-12-04 12:05:05 [Thread-142] DEBUG connectK.ConnectK - Player 2 [LazyAI]  says:
2016-12-04 12:05:09 [Thread-142] DEBUG connectK.ConnectK - Player 2 [LazyAI]  returns move 7, 3.
2016-12-04 12:05:09 [Thread-142] DEBUG connectK.ConnectK - Player 1 [GoodAI]  says:
2016-12-04 12:05:14 [Thread-142] DEBUG connectK.ConnectK - Player 1 [GoodAI]  returns move 6, 2.
2016-12-04 12:05:14 [Thread-142] DEBUG connectK.ConnectK - Player 1 [GoodAI]  (GoodAI) wins!
